# JRE version: OpenJDK Runtime Environment (8.0_242-b01) (build 1.8.0_242-release-1644-b01)
# Java VM: OpenJDK 64-Bit Server VM (25.242-b01 mixed mode windows-amd64 compressed oops)
Heap:
 PSYoungGen      total 141824K, used 59479K [0x000000076b100000, 0x0000000774600000, 0x00000007c0000000)
  eden space 131072K, 37% used [0x000000076b100000,0x000000076e09b2b8,0x0000000773100000)
  from space 10752K, 99% used [0x0000000773b80000,0x00000007745facc0,0x0000000774600000)
  to   space 10752K, 0% used [0x0000000773100000,0x0000000773100000,0x0000000773b80000)
 ParOldGen       total 139264K, used 57759K [0x00000006c1200000, 0x00000006c9a00000, 0x000000076b100000)
  object space 139264K, 41% used [0x00000006c1200000,0x00000006c4a67e88,0x00000006c9a00000)
 Metaspace       used 49270K, capacity 50248K, committed 50520K, reserved 1093632K
  class space    used 5885K, capacity 6162K, committed 6272K, reserved 1048576K
GC Heap History (10 events):
Event: 1.158 GC heap before
{Heap before GC invocations=2 (full 0):
 PSYoungGen      total 76288K, used 44240K [0x000000076b100000, 0x0000000774600000, 0x00000007c0000000)
  eden space 65536K, 51% used [0x000000076b100000,0x000000076d1b4960,0x000000076f100000)
  from space 10752K, 99% used [0x000000076f100000,0x000000076fb7fa18,0x000000076fb80000)
  to   space 10752K, 0% used [0x0000000773b80000,0x0000000773b80000,0x0000000774600000)
 ParOldGen       total 175104K, used 4685K [0x00000006c1200000, 0x00000006cbd00000, 0x000000076b100000)
  object space 175104K, 2% used [0x00000006c1200000,0x00000006c1693688,0x00000006cbd00000)
 Metaspace       used 20647K, capacity 21068K, committed 21248K, reserved 1069056K
  class space    used 2347K, capacity 2469K, committed 2560K, reserved 1048576K
Event: 1.170 GC heap after
Heap after GC invocations=2 (full 0):
 PSYoungGen      total 141824K, used 10737K [0x000000076b100000, 0x0000000774600000, 0x00000007c0000000)
  eden space 131072K, 0% used [0x000000076b100000,0x000000076b100000,0x0000000773100000)
  from space 10752K, 99% used [0x0000000773b80000,0x00000007745fc770,0x0000000774600000)
  to   space 10752K, 0% used [0x0000000773100000,0x0000000773100000,0x0000000773b80000)
 ParOldGen       total 175104K, used 16366K [0x00000006c1200000, 0x00000006cbd00000, 0x000000076b100000)
  object space 175104K, 9% used [0x00000006c1200000,0x00000006c21fb900,0x00000006cbd00000)
 Metaspace       used 20647K, capacity 21068K, committed 21248K, reserved 1069056K
  class space    used 2347K, capacity 2469K, committed 2560K, reserved 1048576K
}
Event: 1.170 GC heap before
{Heap before GC invocations=3 (full 1):
 PSYoungGen      total 141824K, used 10737K [0x000000076b100000, 0x0000000774600000, 0x00000007c0000000)
  eden space 131072K, 0% used [0x000000076b100000,0x000000076b100000,0x0000000773100000)
  from space 10752K, 99% used [0x0000000773b80000,0x00000007745fc770,0x0000000774600000)
  to   space 10752K, 0% used [0x0000000773100000,0x0000000773100000,0x0000000773b80000)
 ParOldGen       total 175104K, used 16366K [0x00000006c1200000, 0x00000006cbd00000, 0x000000076b100000)
  object space 175104K, 9% used [0x00000006c1200000,0x00000006c21fb900,0x00000006cbd00000)
 Metaspace       used 20647K, capacity 21068K, committed 21248K, reserved 1069056K
  class space    used 2347K, capacity 2469K, committed 2560K, reserved 1048576K
Event: 1.211 GC heap after
Heap after GC invocations=3 (full 1):
 PSYoungGen      total 141824K, used 0K [0x000000076b100000, 0x0000000774600000, 0x00000007c0000000)
  eden space 131072K, 0% used [0x000000076b100000,0x000000076b100000,0x0000000773100000)
  from space 10752K, 0% used [0x0000000773b80000,0x0000000773b80000,0x0000000774600000)
  to   space 10752K, 0% used [0x0000000773100000,0x0000000773100000,0x0000000773b80000)
 ParOldGen       total 139264K, used 22186K [0x00000006c1200000, 0x00000006c9a00000, 0x000000076b100000)
  object space 139264K, 15% used [0x00000006c1200000,0x00000006c27aa9a0,0x00000006c9a00000)
 Metaspace       used 20647K, capacity 21068K, committed 21248K, reserved 1069056K
  class space    used 2347K, capacity 2469K, committed 2560K, reserved 1048576K
}
Event: 2.447 GC heap before
{Heap before GC invocations=4 (full 1):
 PSYoungGen      total 141824K, used 105512K [0x000000076b100000, 0x0000000774600000, 0x00000007c0000000)
  eden space 131072K, 80% used [0x000000076b100000,0x000000077180a328,0x0000000773100000)
  from space 10752K, 0% used [0x0000000773b80000,0x0000000773b80000,0x0000000774600000)
  to   space 10752K, 0% used [0x0000000773100000,0x0000000773100000,0x0000000773b80000)
 ParOldGen       total 139264K, used 22186K [0x00000006c1200000, 0x00000006c9a00000, 0x000000076b100000)
  object space 139264K, 15% used [0x00000006c1200000,0x00000006c27aa9a0,0x00000006c9a00000)
 Metaspace       used 34683K, capacity 35258K, committed 35416K, reserved 1081344K
  class space    used 4318K, capacity 4472K, committed 4480K, reserved 1048576K
Event: 2.462 GC heap after
Heap after GC invocations=4 (full 1):
 PSYoungGen      total 141824K, used 10731K [0x000000076b100000, 0x0000000774600000, 0x00000007c0000000)
  eden space 131072K, 0% used [0x000000076b100000,0x000000076b100000,0x0000000773100000)
  from space 10752K, 99% used [0x0000000773100000,0x0000000773b7ace0,0x0000000773b80000)
  to   space 10752K, 0% used [0x0000000773b80000,0x0000000773b80000,0x0000000774600000)
 ParOldGen       total 139264K, used 35736K [0x00000006c1200000, 0x00000006c9a00000, 0x000000076b100000)
  object space 139264K, 25% used [0x00000006c1200000,0x00000006c34e61d0,0x00000006c9a00000)
 Metaspace       used 34683K, capacity 35258K, committed 35416K, reserved 1081344K
  class space    used 4318K, capacity 4472K, committed 4480K, reserved 1048576K
}
Event: 2.462 GC heap before
{Heap before GC invocations=5 (full 2):
 PSYoungGen      total 141824K, used 10731K [0x000000076b100000, 0x0000000774600000, 0x00000007c0000000)
  eden space 131072K, 0% used [0x000000076b100000,0x000000076b100000,0x0000000773100000)
  from space 10752K, 99% used [0x0000000773100000,0x0000000773b7ace0,0x0000000773b80000)
  to   space 10752K, 0% used [0x0000000773b80000,0x0000000773b80000,0x0000000774600000)
 ParOldGen       total 139264K, used 35736K [0x00000006c1200000, 0x00000006c9a00000, 0x000000076b100000)
  object space 139264K, 25% used [0x00000006c1200000,0x00000006c34e61d0,0x00000006c9a00000)
 Metaspace       used 34683K, capacity 35258K, committed 35416K, reserved 1081344K
  class space    used 4318K, capacity 4472K, committed 4480K, reserved 1048576K
Event: 2.509 GC heap after
Heap after GC invocations=5 (full 2):
 PSYoungGen      total 141824K, used 0K [0x000000076b100000, 0x0000000774600000, 0x00000007c0000000)
  eden space 131072K, 0% used [0x000000076b100000,0x000000076b100000,0x0000000773100000)
  from space 10752K, 0% used [0x0000000773100000,0x0000000773100000,0x0000000773b80000)
  to   space 10752K, 0% used [0x0000000773b80000,0x0000000773b80000,0x0000000774600000)
 ParOldGen       total 139264K, used 42794K [0x00000006c1200000, 0x00000006c9a00000, 0x000000076b100000)
  object space 139264K, 30% used [0x00000006c1200000,0x00000006c3bcaa40,0x00000006c9a00000)
 Metaspace       used 34683K, capacity 35258K, committed 35416K, reserved 1081344K
  class space    used 4318K, capacity 4472K, committed 4480K, reserved 1048576K
}
Event: 4.071 GC heap before
{Heap before GC invocations=6 (full 2):
 PSYoungGen      total 141824K, used 131072K [0x000000076b100000, 0x0000000774600000, 0x00000007c0000000)
  eden space 131072K, 100% used [0x000000076b100000,0x0000000773100000,0x0000000773100000)
  from space 10752K, 0% used [0x0000000773100000,0x0000000773100000,0x0000000773b80000)
  to   space 10752K, 0% used [0x0000000773b80000,0x0000000773b80000,0x0000000774600000)
 ParOldGen       total 139264K, used 42794K [0x00000006c1200000, 0x00000006c9a00000, 0x000000076b100000)
  object space 139264K, 30% used [0x00000006c1200000,0x00000006c3bcaa40,0x00000006c9a00000)
 Metaspace       used 46736K, capacity 47624K, committed 47832K, reserved 1091584K
  class space    used 5609K, capacity 5878K, committed 5888K, reserved 1048576K
Event: 4.083 GC heap after
Heap after GC invocations=6 (full 2):
 PSYoungGen      total 141824K, used 10731K [0x000000076b100000, 0x0000000774600000, 0x00000007c0000000)
  eden space 131072K, 0% used [0x000000076b100000,0x000000076b100000,0x0000000773100000)
  from space 10752K, 99% used [0x0000000773b80000,0x00000007745facc0,0x0000000774600000)
  to   space 10752K, 0% used [0x0000000773100000,0x0000000773100000,0x0000000773b80000)
 ParOldGen       total 139264K, used 57759K [0x00000006c1200000, 0x00000006c9a00000, 0x000000076b100000)
  object space 139264K, 41% used [0x00000006c1200000,0x00000006c4a67e88,0x00000006c9a00000)
 Metaspace       used 46736K, capacity 47624K, committed 47832K, reserved 1091584K
  class space    used 5609K, capacity 5878K, committed 5888K, reserved 1048576K
}

