# JRE version: OpenJDK Runtime Environment (8.0_242-b01) (build 1.8.0_242-release-1644-b01)
# Java VM: OpenJDK 64-Bit Server VM (25.242-b01 mixed mode windows-amd64 compressed oops)
Heap:
 PSYoungGen      total 561152K, used 131439K [0x00000000d5580000, 0x00000000fe300000, 0x0000000100000000)
  eden space 512000K, 18% used [0x00000000d5580000,0x00000000db28c560,0x00000000f4980000)
  from space 49152K, 73% used [0x00000000f4980000,0x00000000f6ccf8f0,0x00000000f7980000)
  to   space 51712K, 0% used [0x00000000fb080000,0x00000000fb080000,0x00000000fe300000)
 ParOldGen       total 345088K, used 97970K [0x0000000080000000, 0x0000000095100000, 0x00000000d5580000)
  object space 345088K, 28% used [0x0000000080000000,0x0000000085fac9d8,0x0000000095100000)
 Metaspace       used 128065K, capacity 134782K, committed 135320K, reserved 1167360K
  class space    used 16563K, capacity 17855K, committed 18096K, reserved 1048576K
GC Heap History (10 events):
Event: 54.871 GC heap before
{Heap before GC invocations=15 (full 4):
 PSYoungGen      total 423424K, used 27265K [0x00000000d5580000, 0x00000000f6580000, 0x0000000100000000)
  eden space 381440K, 0% used [0x00000000d5580000,0x00000000d5580000,0x00000000eca00000)
  from space 41984K, 64% used [0x00000000eca00000,0x00000000ee4a05a8,0x00000000ef300000)
  to   space 43008K, 0% used [0x00000000f3b80000,0x00000000f3b80000,0x00000000f6580000)
 ParOldGen       total 217088K, used 93750K [0x0000000080000000, 0x000000008d400000, 0x00000000d5580000)
  object space 217088K, 43% used [0x0000000080000000,0x0000000085b8db28,0x000000008d400000)
 Metaspace       used 91847K, capacity 98584K, committed 98600K, reserved 1134592K
  class space    used 12866K, capacity 14113K, committed 14128K, reserved 1048576K
Event: 55.042 GC heap after
Heap after GC invocations=15 (full 4):
 PSYoungGen      total 423424K, used 0K [0x00000000d5580000, 0x00000000f6580000, 0x0000000100000000)
  eden space 381440K, 0% used [0x00000000d5580000,0x00000000d5580000,0x00000000eca00000)
  from space 41984K, 0% used [0x00000000eca00000,0x00000000eca00000,0x00000000ef300000)
  to   space 43008K, 0% used [0x00000000f3b80000,0x00000000f3b80000,0x00000000f6580000)
 ParOldGen       total 345088K, used 91247K [0x0000000080000000, 0x0000000095100000, 0x00000000d5580000)
  object space 345088K, 26% used [0x0000000080000000,0x000000008591be90,0x0000000095100000)
 Metaspace       used 90258K, capacity 94424K, committed 98600K, reserved 1134592K
  class space    used 12317K, capacity 13143K, committed 14128K, reserved 1048576K
}
Event: 91.245 GC heap before
{Heap before GC invocations=16 (full 4):
 PSYoungGen      total 423424K, used 381440K [0x00000000d5580000, 0x00000000f6580000, 0x0000000100000000)
  eden space 381440K, 100% used [0x00000000d5580000,0x00000000eca00000,0x00000000eca00000)
  from space 41984K, 0% used [0x00000000eca00000,0x00000000eca00000,0x00000000ef300000)
  to   space 43008K, 0% used [0x00000000f3b80000,0x00000000f3b80000,0x00000000f6580000)
 ParOldGen       total 345088K, used 91247K [0x0000000080000000, 0x0000000095100000, 0x00000000d5580000)
  object space 345088K, 26% used [0x0000000080000000,0x000000008591be90,0x0000000095100000)
 Metaspace       used 97088K, capacity 101964K, committed 104984K, reserved 1140736K
  class space    used 12964K, capacity 13881K, committed 14640K, reserved 1048576K
Event: 91.259 GC heap after
Heap after GC invocations=16 (full 4):
 PSYoungGen      total 491520K, used 19963K [0x00000000d5580000, 0x00000000f6080000, 0x0000000100000000)
  eden space 453632K, 0% used [0x00000000d5580000,0x00000000d5580000,0x00000000f1080000)
  from space 37888K, 52% used [0x00000000f3b80000,0x00000000f4efed38,0x00000000f6080000)
  to   space 40960K, 0% used [0x00000000f1080000,0x00000000f1080000,0x00000000f3880000)
 ParOldGen       total 345088K, used 91255K [0x0000000080000000, 0x0000000095100000, 0x00000000d5580000)
  object space 345088K, 26% used [0x0000000080000000,0x000000008591de90,0x0000000095100000)
 Metaspace       used 97088K, capacity 101964K, committed 104984K, reserved 1140736K
  class space    used 12964K, capacity 13881K, committed 14640K, reserved 1048576K
}
Event: 201.400 GC heap before
{Heap before GC invocations=17 (full 4):
 PSYoungGen      total 491520K, used 473595K [0x00000000d5580000, 0x00000000f6080000, 0x0000000100000000)
  eden space 453632K, 100% used [0x00000000d5580000,0x00000000f1080000,0x00000000f1080000)
  from space 37888K, 52% used [0x00000000f3b80000,0x00000000f4efed38,0x00000000f6080000)
  to   space 40960K, 0% used [0x00000000f1080000,0x00000000f1080000,0x00000000f3880000)
 ParOldGen       total 345088K, used 91255K [0x0000000080000000, 0x0000000095100000, 0x00000000d5580000)
  object space 345088K, 26% used [0x0000000080000000,0x000000008591de90,0x0000000095100000)
 Metaspace       used 100194K, capacity 105380K, committed 108056K, reserved 1142784K
  class space    used 13142K, capacity 14119K, committed 14896K, reserved 1048576K
Event: 201.420 GC heap after
Heap after GC invocations=17 (full 4):
 PSYoungGen      total 494592K, used 28991K [0x00000000d5580000, 0x00000000fa800000, 0x0000000100000000)
  eden space 453632K, 0% used [0x00000000d5580000,0x00000000d5580000,0x00000000f1080000)
  from space 40960K, 70% used [0x00000000f1080000,0x00000000f2ccfdf8,0x00000000f3880000)
  to   space 42496K, 0% used [0x00000000f7e80000,0x00000000f7e80000,0x00000000fa800000)
 ParOldGen       total 345088K, used 91263K [0x0000000080000000, 0x0000000095100000, 0x00000000d5580000)
  object space 345088K, 26% used [0x0000000080000000,0x000000008591fe90,0x0000000095100000)
 Metaspace       used 100194K, capacity 105380K, committed 108056K, reserved 1142784K
  class space    used 13142K, capacity 14119K, committed 14896K, reserved 1048576K
}
Event: 218.045 GC heap before
{Heap before GC invocations=18 (full 4):
 PSYoungGen      total 494592K, used 482457K [0x00000000d5580000, 0x00000000fa800000, 0x0000000100000000)
  eden space 453632K, 99% used [0x00000000d5580000,0x00000000f10567f0,0x00000000f1080000)
  from space 40960K, 70% used [0x00000000f1080000,0x00000000f2ccfdf8,0x00000000f3880000)
  to   space 42496K, 0% used [0x00000000f7e80000,0x00000000f7e80000,0x00000000fa800000)
 ParOldGen       total 345088K, used 91263K [0x0000000080000000, 0x0000000095100000, 0x00000000d5580000)
  object space 345088K, 26% used [0x0000000080000000,0x000000008591fe90,0x0000000095100000)
 Metaspace       used 116058K, capacity 121544K, committed 123800K, reserved 1157120K
  class space    used 14897K, capacity 15921K, committed 16560K, reserved 1048576K
Event: 218.068 GC heap after
Heap after GC invocations=18 (full 4):
 PSYoungGen      total 554496K, used 42480K [0x00000000d5580000, 0x00000000fa980000, 0x0000000100000000)
  eden space 512000K, 0% used [0x00000000d5580000,0x00000000d5580000,0x00000000f4980000)
  from space 42496K, 99% used [0x00000000f7e80000,0x00000000fa7fc1a0,0x00000000fa800000)
  to   space 49152K, 0% used [0x00000000f4980000,0x00000000f4980000,0x00000000f7980000)
 ParOldGen       total 345088K, used 93326K [0x0000000080000000, 0x0000000095100000, 0x00000000d5580000)
  object space 345088K, 27% used [0x0000000080000000,0x0000000085b23940,0x0000000095100000)
 Metaspace       used 116058K, capacity 121544K, committed 123800K, reserved 1157120K
  class space    used 14897K, capacity 15921K, committed 16560K, reserved 1048576K
}
Event: 247.410 GC heap before
{Heap before GC invocations=19 (full 4):
 PSYoungGen      total 554496K, used 554480K [0x00000000d5580000, 0x00000000fa980000, 0x0000000100000000)
  eden space 512000K, 100% used [0x00000000d5580000,0x00000000f4980000,0x00000000f4980000)
  from space 42496K, 99% used [0x00000000f7e80000,0x00000000fa7fc1a0,0x00000000fa800000)
  to   space 49152K, 0% used [0x00000000f4980000,0x00000000f4980000,0x00000000f7980000)
 ParOldGen       total 345088K, used 93326K [0x0000000080000000, 0x0000000095100000, 0x00000000d5580000)
  object space 345088K, 27% used [0x0000000080000000,0x0000000085b23940,0x0000000095100000)
 Metaspace       used 128040K, capacity 134776K, committed 135320K, reserved 1167360K
  class space    used 16563K, capacity 17854K, committed 18096K, reserved 1048576K
Event: 247.439 GC heap after
Heap after GC invocations=19 (full 4):
 PSYoungGen      total 561152K, used 36158K [0x00000000d5580000, 0x00000000fe300000, 0x0000000100000000)
  eden space 512000K, 0% used [0x00000000d5580000,0x00000000d5580000,0x00000000f4980000)
  from space 49152K, 73% used [0x00000000f4980000,0x00000000f6ccf8f0,0x00000000f7980000)
  to   space 51712K, 0% used [0x00000000fb080000,0x00000000fb080000,0x00000000fe300000)
 ParOldGen       total 345088K, used 97970K [0x0000000080000000, 0x0000000095100000, 0x00000000d5580000)
  object space 345088K, 28% used [0x0000000080000000,0x0000000085fac9d8,0x0000000095100000)
 Metaspace       used 128040K, capacity 134776K, committed 135320K, reserved 1167360K
  class space    used 16563K, capacity 17854K, committed 18096K, reserved 1048576K
}

