# JRE version: OpenJDK Runtime Environment (8.0_242-b01) (build 1.8.0_242-release-1644-b01)
# Java VM: OpenJDK 64-Bit Server VM (25.242-b01 mixed mode windows-amd64 compressed oops)
Heap:
 PSYoungGen      total 442368K, used 244748K [0x00000000d5580000, 0x00000000f7880000, 0x0000000100000000)
  eden space 399360K, 61% used [0x00000000d5580000,0x00000000e4483338,0x00000000edb80000)
  from space 43008K, 0% used [0x00000000edb80000,0x00000000edb80000,0x00000000f0580000)
  to   space 46592K, 0% used [0x00000000f4b00000,0x00000000f4b00000,0x00000000f7880000)
 ParOldGen       total 333824K, used 95889K [0x0000000080000000, 0x0000000094600000, 0x00000000d5580000)
  object space 333824K, 28% used [0x0000000080000000,0x0000000085da4738,0x0000000094600000)
 Metaspace       used 95795K, capacity 100584K, committed 102036K, reserved 1138688K
  class space    used 12705K, capacity 13661K, committed 14012K, reserved 1048576K
GC Heap History (10 events):
Event: 6.721 GC heap before
{Heap before GC invocations=11 (full 3):
 PSYoungGen      total 362496K, used 19964K [0x00000000d5580000, 0x00000000ed880000, 0x0000000100000000)
  eden space 342528K, 0% used [0x00000000d5580000,0x00000000d5580000,0x00000000ea400000)
  from space 19968K, 99% used [0x00000000ebd00000,0x00000000ed07f300,0x00000000ed080000)
  to   space 25600K, 0% used [0x00000000ea400000,0x00000000ea400000,0x00000000ebd00000)
 ParOldGen       total 132096K, used 29567K [0x0000000080000000, 0x0000000088100000, 0x00000000d5580000)
  object space 132096K, 22% used [0x0000000080000000,0x0000000081cdff70,0x0000000088100000)
 Metaspace       used 56356K, capacity 58970K, committed 59028K, reserved 1099776K
  class space    used 7528K, capacity 8073K, committed 8124K, reserved 1048576K
Event: 7.040 GC heap after
Heap after GC invocations=11 (full 3):
 PSYoungGen      total 362496K, used 0K [0x00000000d5580000, 0x00000000ed880000, 0x0000000100000000)
  eden space 342528K, 0% used [0x00000000d5580000,0x00000000d5580000,0x00000000ea400000)
  from space 19968K, 0% used [0x00000000ebd00000,0x00000000ebd00000,0x00000000ed080000)
  to   space 25600K, 0% used [0x00000000ea400000,0x00000000ea400000,0x00000000ebd00000)
 ParOldGen       total 203776K, used 41423K [0x0000000080000000, 0x000000008c700000, 0x00000000d5580000)
  object space 203776K, 20% used [0x0000000080000000,0x0000000082873da0,0x000000008c700000)
 Metaspace       used 56290K, capacity 58748K, committed 59028K, reserved 1099776K
  class space    used 7507K, capacity 8036K, committed 8124K, reserved 1048576K
}
Event: 10.951 GC heap before
{Heap before GC invocations=12 (full 3):
 PSYoungGen      total 362496K, used 342528K [0x00000000d5580000, 0x00000000ed880000, 0x0000000100000000)
  eden space 342528K, 100% used [0x00000000d5580000,0x00000000ea400000,0x00000000ea400000)
  from space 19968K, 0% used [0x00000000ebd00000,0x00000000ebd00000,0x00000000ed080000)
  to   space 25600K, 0% used [0x00000000ea400000,0x00000000ea400000,0x00000000ebd00000)
 ParOldGen       total 203776K, used 41423K [0x0000000080000000, 0x000000008c700000, 0x00000000d5580000)
  object space 203776K, 20% used [0x0000000080000000,0x0000000082873da0,0x000000008c700000)
 Metaspace       used 74368K, capacity 78658K, committed 78996K, reserved 1118208K
  class space    used 10289K, capacity 11080K, committed 11196K, reserved 1048576K
Event: 10.977 GC heap after
Heap after GC invocations=12 (full 3):
 PSYoungGen      total 368128K, used 25575K [0x00000000d5580000, 0x00000000f2680000, 0x0000000100000000)
  eden space 342528K, 0% used [0x00000000d5580000,0x00000000d5580000,0x00000000ea400000)
  from space 25600K, 99% used [0x00000000ea400000,0x00000000ebcf9fc8,0x00000000ebd00000)
  to   space 32256K, 0% used [0x00000000f0700000,0x00000000f0700000,0x00000000f2680000)
 ParOldGen       total 203776K, used 48785K [0x0000000080000000, 0x000000008c700000, 0x00000000d5580000)
  object space 203776K, 23% used [0x0000000080000000,0x0000000082fa4488,0x000000008c700000)
 Metaspace       used 74368K, capacity 78658K, committed 78996K, reserved 1118208K
  class space    used 10289K, capacity 11080K, committed 11196K, reserved 1048576K
}
Event: 420.017 GC heap before
{Heap before GC invocations=13 (full 3):
 PSYoungGen      total 368128K, used 368103K [0x00000000d5580000, 0x00000000f2680000, 0x0000000100000000)
  eden space 342528K, 100% used [0x00000000d5580000,0x00000000ea400000,0x00000000ea400000)
  from space 25600K, 99% used [0x00000000ea400000,0x00000000ebcf9fc8,0x00000000ebd00000)
  to   space 32256K, 0% used [0x00000000f0700000,0x00000000f0700000,0x00000000f2680000)
 ParOldGen       total 203776K, used 48785K [0x0000000080000000, 0x000000008c700000, 0x00000000d5580000)
  object space 203776K, 23% used [0x0000000080000000,0x0000000082fa4488,0x000000008c700000)
 Metaspace       used 88212K, capacity 93536K, committed 93844K, reserved 1130496K
  class space    used 11904K, capacity 12899K, committed 12988K, reserved 1048576K
Event: 420.041 GC heap after
Heap after GC invocations=13 (full 3):
 PSYoungGen      total 431616K, used 32255K [0x00000000d5580000, 0x00000000f2f80000, 0x0000000100000000)
  eden space 399360K, 0% used [0x00000000d5580000,0x00000000d5580000,0x00000000edb80000)
  from space 32256K, 99% used [0x00000000f0700000,0x00000000f267fcd8,0x00000000f2680000)
  to   space 43008K, 0% used [0x00000000edb80000,0x00000000edb80000,0x00000000f0580000)
 ParOldGen       total 203776K, used 64217K [0x0000000080000000, 0x000000008c700000, 0x00000000d5580000)
  object space 203776K, 31% used [0x0000000080000000,0x0000000083eb6788,0x000000008c700000)
 Metaspace       used 88212K, capacity 93536K, committed 93844K, reserved 1130496K
  class space    used 11904K, capacity 12899K, committed 12988K, reserved 1048576K
}
Event: 421.921 GC heap before
{Heap before GC invocations=14 (full 3):
 PSYoungGen      total 431616K, used 352037K [0x00000000d5580000, 0x00000000f2f80000, 0x0000000100000000)
  eden space 399360K, 80% used [0x00000000d5580000,0x00000000e8dc99c8,0x00000000edb80000)
  from space 32256K, 99% used [0x00000000f0700000,0x00000000f267fcd8,0x00000000f2680000)
  to   space 43008K, 0% used [0x00000000edb80000,0x00000000edb80000,0x00000000f0580000)
 ParOldGen       total 203776K, used 64217K [0x0000000080000000, 0x000000008c700000, 0x00000000d5580000)
  object space 203776K, 31% used [0x0000000080000000,0x0000000083eb6788,0x000000008c700000)
 Metaspace       used 92565K, capacity 98264K, committed 98380K, reserved 1134592K
  class space    used 12425K, capacity 13473K, committed 13500K, reserved 1048576K
Event: 421.957 GC heap after
Heap after GC invocations=14 (full 3):
 PSYoungGen      total 442368K, used 35520K [0x00000000d5580000, 0x00000000f7880000, 0x0000000100000000)
  eden space 399360K, 0% used [0x00000000d5580000,0x00000000d5580000,0x00000000edb80000)
  from space 43008K, 82% used [0x00000000edb80000,0x00000000efe300c0,0x00000000f0580000)
  to   space 46592K, 0% used [0x00000000f4b00000,0x00000000f4b00000,0x00000000f7880000)
 ParOldGen       total 203776K, used 93818K [0x0000000080000000, 0x000000008c700000, 0x00000000d5580000)
  object space 203776K, 46% used [0x0000000080000000,0x0000000085b9ea30,0x000000008c700000)
 Metaspace       used 92565K, capacity 98264K, committed 98380K, reserved 1134592K
  class space    used 12425K, capacity 13473K, committed 13500K, reserved 1048576K
}
Event: 421.957 GC heap before
{Heap before GC invocations=15 (full 4):
 PSYoungGen      total 442368K, used 35520K [0x00000000d5580000, 0x00000000f7880000, 0x0000000100000000)
  eden space 399360K, 0% used [0x00000000d5580000,0x00000000d5580000,0x00000000edb80000)
  from space 43008K, 82% used [0x00000000edb80000,0x00000000efe300c0,0x00000000f0580000)
  to   space 46592K, 0% used [0x00000000f4b00000,0x00000000f4b00000,0x00000000f7880000)
 ParOldGen       total 203776K, used 93818K [0x0000000080000000, 0x000000008c700000, 0x00000000d5580000)
  object space 203776K, 46% used [0x0000000080000000,0x0000000085b9ea30,0x000000008c700000)
 Metaspace       used 92565K, capacity 98264K, committed 98380K, reserved 1134592K
  class space    used 12425K, capacity 13473K, committed 13500K, reserved 1048576K
Event: 422.150 GC heap after
Heap after GC invocations=15 (full 4):
 PSYoungGen      total 442368K, used 0K [0x00000000d5580000, 0x00000000f7880000, 0x0000000100000000)
  eden space 399360K, 0% used [0x00000000d5580000,0x00000000d5580000,0x00000000edb80000)
  from space 43008K, 0% used [0x00000000edb80000,0x00000000edb80000,0x00000000f0580000)
  to   space 46592K, 0% used [0x00000000f4b00000,0x00000000f4b00000,0x00000000f7880000)
 ParOldGen       total 333824K, used 95889K [0x0000000080000000, 0x0000000094600000, 0x00000000d5580000)
  object space 333824K, 28% used [0x0000000080000000,0x0000000085da4738,0x0000000094600000)
 Metaspace       used 91930K, capacity 96410K, committed 98380K, reserved 1134592K
  class space    used 12220K, capacity 13110K, committed 13500K, reserved 1048576K
}

