# JRE version: OpenJDK Runtime Environment (8.0_242-b01) (build 1.8.0_242-release-1644-b01)
# Java VM: OpenJDK 64-Bit Server VM (25.242-b01 mixed mode windows-amd64 compressed oops)
Heap:
 PSYoungGen      total 399872K, used 373640K [0x00000000d5580000, 0x00000000f8d80000, 0x0000000100000000)
  eden space 328192K, 92% used [0x00000000d5580000,0x00000000e7c66ce8,0x00000000e9600000)
  from space 71680K, 99% used [0x00000000e9600000,0x00000000edbfb428,0x00000000edc00000)
  to   space 92160K, 0% used [0x00000000f3380000,0x00000000f3380000,0x00000000f8d80000)
 ParOldGen       total 332288K, used 189199K [0x0000000080000000, 0x0000000094480000, 0x00000000d5580000)
  object space 332288K, 56% used [0x0000000080000000,0x000000008b8c3d00,0x0000000094480000)
 Metaspace       used 115984K, capacity 122108K, committed 124184K, reserved 1157120K
  class space    used 15054K, capacity 16341K, committed 16944K, reserved 1048576K
GC Heap History (10 events):
Event: 50.715 GC heap before
{Heap before GC invocations=19 (full 4):
 PSYoungGen      total 311808K, used 13154K [0x00000000d5580000, 0x00000000ed600000, 0x0000000100000000)
  eden space 280064K, 0% used [0x00000000d5580000,0x00000000d5580000,0x00000000e6700000)
  from space 31744K, 41% used [0x00000000e6700000,0x00000000e73d8890,0x00000000e8600000)
  to   space 30720K, 0% used [0x00000000eb800000,0x00000000eb800000,0x00000000ed600000)
 ParOldGen       total 217088K, used 77568K [0x0000000080000000, 0x000000008d400000, 0x00000000d5580000)
  object space 217088K, 35% used [0x0000000080000000,0x0000000084bc0000,0x000000008d400000)
 Metaspace       used 91196K, capacity 98560K, committed 98600K, reserved 1134592K
  class space    used 12674K, capacity 13977K, committed 14000K, reserved 1048576K
Event: 50.880 GC heap after
Heap after GC invocations=19 (full 4):
 PSYoungGen      total 311808K, used 0K [0x00000000d5580000, 0x00000000ed600000, 0x0000000100000000)
  eden space 280064K, 0% used [0x00000000d5580000,0x00000000d5580000,0x00000000e6700000)
  from space 31744K, 0% used [0x00000000e6700000,0x00000000e6700000,0x00000000e8600000)
  to   space 30720K, 0% used [0x00000000eb800000,0x00000000eb800000,0x00000000ed600000)
 ParOldGen       total 332288K, used 74834K [0x0000000080000000, 0x0000000094480000, 0x00000000d5580000)
  object space 332288K, 22% used [0x0000000080000000,0x0000000084914b58,0x0000000094480000)
 Metaspace       used 89430K, capacity 93788K, committed 98600K, reserved 1134592K
  class space    used 12069K, capacity 12907K, committed 14000K, reserved 1048576K
}
Event: 84.141 GC heap before
{Heap before GC invocations=20 (full 4):
 PSYoungGen      total 311808K, used 280064K [0x00000000d5580000, 0x00000000ed600000, 0x0000000100000000)
  eden space 280064K, 100% used [0x00000000d5580000,0x00000000e6700000,0x00000000e6700000)
  from space 31744K, 0% used [0x00000000e6700000,0x00000000e6700000,0x00000000e8600000)
  to   space 30720K, 0% used [0x00000000eb800000,0x00000000eb800000,0x00000000ed600000)
 ParOldGen       total 332288K, used 74834K [0x0000000080000000, 0x0000000094480000, 0x00000000d5580000)
  object space 332288K, 22% used [0x0000000080000000,0x0000000084914b58,0x0000000094480000)
 Metaspace       used 97322K, capacity 102418K, committed 106520K, reserved 1140736K
  class space    used 13094K, capacity 14111K, committed 15152K, reserved 1048576K
Event: 84.158 GC heap after
Heap after GC invocations=20 (full 4):
 PSYoungGen      total 361984K, used 20666K [0x00000000d5580000, 0x00000000ed600000, 0x0000000100000000)
  eden space 331264K, 0% used [0x00000000d5580000,0x00000000d5580000,0x00000000e9900000)
  from space 30720K, 67% used [0x00000000eb800000,0x00000000ecc2e8e8,0x00000000ed600000)
  to   space 31232K, 0% used [0x00000000e9900000,0x00000000e9900000,0x00000000eb780000)
 ParOldGen       total 332288K, used 74842K [0x0000000080000000, 0x0000000094480000, 0x00000000d5580000)
  object space 332288K, 22% used [0x0000000080000000,0x0000000084916b58,0x0000000094480000)
 Metaspace       used 97322K, capacity 102418K, committed 106520K, reserved 1140736K
  class space    used 13094K, capacity 14111K, committed 15152K, reserved 1048576K
}
Event: 88.820 GC heap before
{Heap before GC invocations=21 (full 4):
 PSYoungGen      total 361984K, used 351930K [0x00000000d5580000, 0x00000000ed600000, 0x0000000100000000)
  eden space 331264K, 100% used [0x00000000d5580000,0x00000000e9900000,0x00000000e9900000)
  from space 30720K, 67% used [0x00000000eb800000,0x00000000ecc2e8e8,0x00000000ed600000)
  to   space 31232K, 0% used [0x00000000e9900000,0x00000000e9900000,0x00000000eb780000)
 ParOldGen       total 332288K, used 74842K [0x0000000080000000, 0x0000000094480000, 0x00000000d5580000)
  object space 332288K, 22% used [0x0000000080000000,0x0000000084916b58,0x0000000094480000)
 Metaspace       used 102950K, capacity 108750K, committed 110872K, reserved 1144832K
  class space    used 13834K, capacity 15009K, committed 15664K, reserved 1048576K
Event: 88.838 GC heap after
Heap after GC invocations=21 (full 4):
 PSYoungGen      total 362496K, used 26175K [0x00000000d5580000, 0x00000000efc80000, 0x0000000100000000)
  eden space 331264K, 0% used [0x00000000d5580000,0x00000000d5580000,0x00000000e9900000)
  from space 31232K, 83% used [0x00000000e9900000,0x00000000eb28fea8,0x00000000eb780000)
  to   space 33280K, 0% used [0x00000000edc00000,0x00000000edc00000,0x00000000efc80000)
 ParOldGen       total 332288K, used 74850K [0x0000000080000000, 0x0000000094480000, 0x00000000d5580000)
  object space 332288K, 22% used [0x0000000080000000,0x0000000084918b58,0x0000000094480000)
 Metaspace       used 102950K, capacity 108750K, committed 110872K, reserved 1144832K
  class space    used 13834K, capacity 15009K, committed 15664K, reserved 1048576K
}
Event: 89.584 GC heap before
{Heap before GC invocations=22 (full 4):
 PSYoungGen      total 362496K, used 357439K [0x00000000d5580000, 0x00000000efc80000, 0x0000000100000000)
  eden space 331264K, 100% used [0x00000000d5580000,0x00000000e9900000,0x00000000e9900000)
  from space 31232K, 83% used [0x00000000e9900000,0x00000000eb28fea8,0x00000000eb780000)
  to   space 33280K, 0% used [0x00000000edc00000,0x00000000edc00000,0x00000000efc80000)
 ParOldGen       total 332288K, used 74850K [0x0000000080000000, 0x0000000094480000, 0x00000000d5580000)
  object space 332288K, 22% used [0x0000000080000000,0x0000000084918b58,0x0000000094480000)
 Metaspace       used 103542K, capacity 109450K, committed 111640K, reserved 1144832K
  class space    used 13872K, capacity 15051K, committed 15664K, reserved 1048576K
Event: 89.651 GC heap after
Heap after GC invocations=22 (full 4):
 PSYoungGen      total 361472K, used 33270K [0x00000000d5580000, 0x00000000f6400000, 0x0000000100000000)
  eden space 328192K, 0% used [0x00000000d5580000,0x00000000d5580000,0x00000000e9600000)
  from space 33280K, 99% used [0x00000000edc00000,0x00000000efc7d970,0x00000000efc80000)
  to   space 71680K, 0% used [0x00000000e9600000,0x00000000e9600000,0x00000000edc00000)
 ParOldGen       total 332288K, used 166267K [0x0000000080000000, 0x0000000094480000, 0x00000000d5580000)
  object space 332288K, 50% used [0x0000000080000000,0x000000008a25ec70,0x0000000094480000)
 Metaspace       used 103542K, capacity 109450K, committed 111640K, reserved 1144832K
  class space    used 13872K, capacity 15051K, committed 15664K, reserved 1048576K
}
Event: 90.742 GC heap before
{Heap before GC invocations=23 (full 4):
 PSYoungGen      total 361472K, used 361462K [0x00000000d5580000, 0x00000000f6400000, 0x0000000100000000)
  eden space 328192K, 100% used [0x00000000d5580000,0x00000000e9600000,0x00000000e9600000)
  from space 33280K, 99% used [0x00000000edc00000,0x00000000efc7d970,0x00000000efc80000)
  to   space 71680K, 0% used [0x00000000e9600000,0x00000000e9600000,0x00000000edc00000)
 ParOldGen       total 332288K, used 166267K [0x0000000080000000, 0x0000000094480000, 0x00000000d5580000)
  object space 332288K, 50% used [0x0000000080000000,0x000000008a25ec70,0x0000000094480000)
 Metaspace       used 104612K, capacity 110532K, committed 112536K, reserved 1146880K
  class space    used 13946K, capacity 15128K, committed 15792K, reserved 1048576K
Event: 90.797 GC heap after
Heap after GC invocations=23 (full 4):
 PSYoungGen      total 399872K, used 71661K [0x00000000d5580000, 0x00000000f8d80000, 0x0000000100000000)
  eden space 328192K, 0% used [0x00000000d5580000,0x00000000d5580000,0x00000000e9600000)
  from space 71680K, 99% used [0x00000000e9600000,0x00000000edbfb428,0x00000000edc00000)
  to   space 92160K, 0% used [0x00000000f3380000,0x00000000f3380000,0x00000000f8d80000)
 ParOldGen       total 332288K, used 189199K [0x0000000080000000, 0x0000000094480000, 0x00000000d5580000)
  object space 332288K, 56% used [0x0000000080000000,0x000000008b8c3d00,0x0000000094480000)
 Metaspace       used 104612K, capacity 110532K, committed 112536K, reserved 1146880K
  class space    used 13946K, capacity 15128K, committed 15792K, reserved 1048576K
}

