# JRE version: OpenJDK Runtime Environment (8.0_242-b01) (build 1.8.0_242-release-1644-b01)
# Java VM: OpenJDK 64-Bit Server VM (25.242-b01 mixed mode windows-amd64 compressed oops)
Heap:
 PSYoungGen      total 592896K, used 423944K [0x00000000d5580000, 0x00000000ff900000, 0x0000000100000000)
  eden space 505344K, 74% used [0x00000000d5580000,0x00000000ec444c30,0x00000000f4300000)
  from space 87552K, 55% used [0x00000000fa380000,0x00000000fd2bd420,0x00000000ff900000)
  to   space 93184K, 0% used [0x00000000f4300000,0x00000000f4300000,0x00000000f9e00000)
 ParOldGen       total 290816K, used 193830K [0x0000000080000000, 0x0000000091c00000, 0x00000000d5580000)
  object space 290816K, 66% used [0x0000000080000000,0x000000008bd49a38,0x0000000091c00000)
 Metaspace       used 116420K, capacity 124804K, committed 125016K, reserved 1157120K
  class space    used 15449K, capacity 17015K, committed 17024K, reserved 1048576K
GC Heap History (10 events):
Event: 161.672 GC heap before
{Heap before GC invocations=20 (full 4):
 PSYoungGen      total 611328K, used 611151K [0x00000000d5580000, 0x0000000100000000, 0x0000000100000000)
  eden space 574976K, 100% used [0x00000000d5580000,0x00000000f8700000,0x00000000f8700000)
  from space 36352K, 99% used [0x00000000f8700000,0x00000000faa53f68,0x00000000faa80000)
  to   space 62464K, 0% used [0x00000000fc300000,0x00000000fc300000,0x0000000100000000)
 ParOldGen       total 290816K, used 110413K [0x0000000080000000, 0x0000000091c00000, 0x00000000d5580000)
  object space 290816K, 37% used [0x0000000080000000,0x0000000086bd3590,0x0000000091c00000)
 Metaspace       used 104930K, capacity 112628K, committed 112856K, reserved 1146880K
  class space    used 14073K, capacity 15530K, committed 15616K, reserved 1048576K
Event: 161.692 GC heap after
Heap after GC invocations=20 (full 4):
 PSYoungGen      total 635392K, used 37058K [0x00000000d5580000, 0x0000000100000000, 0x0000000100000000)
  eden space 572928K, 0% used [0x00000000d5580000,0x00000000d5580000,0x00000000f8500000)
  from space 62464K, 59% used [0x00000000fc300000,0x00000000fe730998,0x0000000100000000)
  to   space 62976K, 0% used [0x00000000f8500000,0x00000000f8500000,0x00000000fc280000)
 ParOldGen       total 290816K, used 110421K [0x0000000080000000, 0x0000000091c00000, 0x00000000d5580000)
  object space 290816K, 37% used [0x0000000080000000,0x0000000086bd5590,0x0000000091c00000)
 Metaspace       used 104930K, capacity 112628K, committed 112856K, reserved 1146880K
  class space    used 14073K, capacity 15530K, committed 15616K, reserved 1048576K
}
Event: 162.893 GC heap before
{Heap before GC invocations=21 (full 4):
 PSYoungGen      total 635392K, used 609986K [0x00000000d5580000, 0x0000000100000000, 0x0000000100000000)
  eden space 572928K, 100% used [0x00000000d5580000,0x00000000f8500000,0x00000000f8500000)
  from space 62464K, 59% used [0x00000000fc300000,0x00000000fe730998,0x0000000100000000)
  to   space 62976K, 0% used [0x00000000f8500000,0x00000000f8500000,0x00000000fc280000)
 ParOldGen       total 290816K, used 110421K [0x0000000080000000, 0x0000000091c00000, 0x00000000d5580000)
  object space 290816K, 37% used [0x0000000080000000,0x0000000086bd5590,0x0000000091c00000)
 Metaspace       used 104947K, capacity 112660K, committed 112856K, reserved 1146880K
  class space    used 14074K, capacity 15562K, committed 15616K, reserved 1048576K
Event: 162.914 GC heap after
Heap after GC invocations=21 (full 4):
 PSYoungGen      total 612352K, used 39210K [0x00000000d5580000, 0x0000000100000000, 0x0000000100000000)
  eden space 572928K, 0% used [0x00000000d5580000,0x00000000d5580000,0x00000000f8500000)
  from space 39424K, 99% used [0x00000000f8500000,0x00000000fab4abe0,0x00000000fab80000)
  to   space 64000K, 0% used [0x00000000fc180000,0x00000000fc180000,0x0000000100000000)
 ParOldGen       total 290816K, used 110429K [0x0000000080000000, 0x0000000091c00000, 0x00000000d5580000)
  object space 290816K, 37% used [0x0000000080000000,0x0000000086bd7590,0x0000000091c00000)
 Metaspace       used 104947K, capacity 112660K, committed 112856K, reserved 1146880K
  class space    used 14074K, capacity 15562K, committed 15616K, reserved 1048576K
}
Event: 165.493 GC heap before
{Heap before GC invocations=22 (full 4):
 PSYoungGen      total 612352K, used 611510K [0x00000000d5580000, 0x0000000100000000, 0x0000000100000000)
  eden space 572928K, 99% used [0x00000000d5580000,0x00000000f8462d10,0x00000000f8500000)
  from space 39424K, 99% used [0x00000000f8500000,0x00000000fab4abe0,0x00000000fab80000)
  to   space 64000K, 0% used [0x00000000fc180000,0x00000000fc180000,0x0000000100000000)
 ParOldGen       total 290816K, used 110429K [0x0000000080000000, 0x0000000091c00000, 0x00000000d5580000)
  object space 290816K, 37% used [0x0000000080000000,0x0000000086bd7590,0x0000000091c00000)
 Metaspace       used 106264K, capacity 114240K, committed 114392K, reserved 1148928K
  class space    used 14219K, capacity 15730K, committed 15872K, reserved 1048576K
Event: 165.565 GC heap after
Heap after GC invocations=22 (full 4):
 PSYoungGen      total 565248K, used 63985K [0x00000000d5580000, 0x0000000100000000, 0x0000000100000000)
  eden space 501248K, 0% used [0x00000000d5580000,0x00000000d5580000,0x00000000f3f00000)
  from space 64000K, 99% used [0x00000000fc180000,0x00000000ffffc740,0x0000000100000000)
  to   space 98816K, 0% used [0x00000000f3f00000,0x00000000f3f00000,0x00000000f9f80000)
 ParOldGen       total 290816K, used 178656K [0x0000000080000000, 0x0000000091c00000, 0x00000000d5580000)
  object space 290816K, 61% used [0x0000000080000000,0x000000008ae78248,0x0000000091c00000)
 Metaspace       used 106264K, capacity 114240K, committed 114392K, reserved 1148928K
  class space    used 14219K, capacity 15730K, committed 15872K, reserved 1048576K
}
Event: 170.355 GC heap before
{Heap before GC invocations=23 (full 4):
 PSYoungGen      total 565248K, used 565233K [0x00000000d5580000, 0x0000000100000000, 0x0000000100000000)
  eden space 501248K, 100% used [0x00000000d5580000,0x00000000f3f00000,0x00000000f3f00000)
  from space 64000K, 99% used [0x00000000fc180000,0x00000000ffffc740,0x0000000100000000)
  to   space 98816K, 0% used [0x00000000f3f00000,0x00000000f3f00000,0x00000000f9f80000)
 ParOldGen       total 290816K, used 178656K [0x0000000080000000, 0x0000000091c00000, 0x00000000d5580000)
  object space 290816K, 61% used [0x0000000080000000,0x000000008ae78248,0x0000000091c00000)
 Metaspace       used 109606K, capacity 117636K, committed 117848K, reserved 1150976K
  class space    used 14624K, capacity 16137K, committed 16256K, reserved 1048576K
Event: 170.385 GC heap after
Heap after GC invocations=23 (full 4):
 PSYoungGen      total 600064K, used 26613K [0x00000000d5580000, 0x0000000100000000, 0x0000000100000000)
  eden space 501248K, 0% used [0x00000000d5580000,0x00000000d5580000,0x00000000f3f00000)
  from space 98816K, 26% used [0x00000000f3f00000,0x00000000f58fd5f8,0x00000000f9f80000)
  to   space 94720K, 0% used [0x00000000fa380000,0x00000000fa380000,0x0000000100000000)
 ParOldGen       total 290816K, used 193822K [0x0000000080000000, 0x0000000091c00000, 0x00000000d5580000)
  object space 290816K, 66% used [0x0000000080000000,0x000000008bd47a38,0x0000000091c00000)
 Metaspace       used 109606K, capacity 117636K, committed 117848K, reserved 1150976K
  class space    used 14624K, capacity 16137K, committed 16256K, reserved 1048576K
}
Event: 178.876 GC heap before
{Heap before GC invocations=24 (full 4):
 PSYoungGen      total 600064K, used 527861K [0x00000000d5580000, 0x0000000100000000, 0x0000000100000000)
  eden space 501248K, 100% used [0x00000000d5580000,0x00000000f3f00000,0x00000000f3f00000)
  from space 98816K, 26% used [0x00000000f3f00000,0x00000000f58fd5f8,0x00000000f9f80000)
  to   space 94720K, 0% used [0x00000000fa380000,0x00000000fa380000,0x0000000100000000)
 ParOldGen       total 290816K, used 193822K [0x0000000080000000, 0x0000000091c00000, 0x00000000d5580000)
  object space 290816K, 66% used [0x0000000080000000,0x000000008bd47a38,0x0000000091c00000)
 Metaspace       used 116094K, capacity 124460K, committed 124504K, reserved 1157120K
  class space    used 15418K, capacity 17003K, committed 17024K, reserved 1048576K
Event: 178.926 GC heap after
Heap after GC invocations=24 (full 4):
 PSYoungGen      total 592896K, used 48373K [0x00000000d5580000, 0x00000000ff900000, 0x0000000100000000)
  eden space 505344K, 0% used [0x00000000d5580000,0x00000000d5580000,0x00000000f4300000)
  from space 87552K, 55% used [0x00000000fa380000,0x00000000fd2bd420,0x00000000ff900000)
  to   space 93184K, 0% used [0x00000000f4300000,0x00000000f4300000,0x00000000f9e00000)
 ParOldGen       total 290816K, used 193830K [0x0000000080000000, 0x0000000091c00000, 0x00000000d5580000)
  object space 290816K, 66% used [0x0000000080000000,0x000000008bd49a38,0x0000000091c00000)
 Metaspace       used 116094K, capacity 124460K, committed 124504K, reserved 1157120K
  class space    used 15418K, capacity 17003K, committed 17024K, reserved 1048576K
}

