# JRE version: OpenJDK Runtime Environment (8.0_242-b01) (build 1.8.0_242-release-1644-b01)
# Java VM: OpenJDK 64-Bit Server VM (25.242-b01 mixed mode windows-amd64 compressed oops)
Heap:
 PSYoungGen      total 463872K, used 259990K [0x00000000d5580000, 0x00000000f9600000, 0x0000000100000000)
  eden space 408064K, 63% used [0x00000000d5580000,0x00000000e5365a68,0x00000000ee400000)
  from space 55808K, 0% used [0x00000000ee400000,0x00000000ee400000,0x00000000f1a80000)
  to   space 55808K, 0% used [0x00000000f5f80000,0x00000000f5f80000,0x00000000f9600000)
 ParOldGen       total 395776K, used 115329K [0x0000000080000000, 0x0000000098280000, 0x00000000d5580000)
  object space 395776K, 29% used [0x0000000080000000,0x00000000870a07b8,0x0000000098280000)
 Metaspace       used 95661K, capacity 100864K, committed 102296K, reserved 1138688K
  class space    used 12669K, capacity 13671K, committed 14000K, reserved 1048576K
GC Heap History (10 events):
Event: 9.595 GC heap before
{Heap before GC invocations=13 (full 3):
 PSYoungGen      total 329728K, used 329704K [0x00000000d5580000, 0x00000000efa80000, 0x0000000100000000)
  eden space 305664K, 100% used [0x00000000d5580000,0x00000000e8000000,0x00000000e8000000)
  from space 24064K, 99% used [0x00000000e8000000,0x00000000e977a030,0x00000000e9780000)
  to   space 35328K, 0% used [0x00000000ed800000,0x00000000ed800000,0x00000000efa80000)
 ParOldGen       total 230912K, used 60457K [0x0000000080000000, 0x000000008e180000, 0x00000000d5580000)
  object space 230912K, 26% used [0x0000000080000000,0x0000000083b0a750,0x000000008e180000)
 Metaspace       used 75569K, capacity 79726K, committed 80024K, reserved 1118208K
  class space    used 10332K, capacity 11115K, committed 11184K, reserved 1048576K
Event: 9.621 GC heap after
Heap after GC invocations=13 (full 3):
 PSYoungGen      total 386560K, used 35316K [0x00000000d5580000, 0x00000000f0e80000, 0x0000000100000000)
  eden space 351232K, 0% used [0x00000000d5580000,0x00000000d5580000,0x00000000eac80000)
  from space 35328K, 99% used [0x00000000ed800000,0x00000000efa7d330,0x00000000efa80000)
  to   space 44544K, 0% used [0x00000000eac80000,0x00000000eac80000,0x00000000ed800000)
 ParOldGen       total 230912K, used 70490K [0x0000000080000000, 0x000000008e180000, 0x00000000d5580000)
  object space 230912K, 30% used [0x0000000080000000,0x00000000844d6910,0x000000008e180000)
 Metaspace       used 75569K, capacity 79726K, committed 80024K, reserved 1118208K
  class space    used 10332K, capacity 11115K, committed 11184K, reserved 1048576K
}
Event: 13.094 GC heap before
{Heap before GC invocations=14 (full 3):
 PSYoungGen      total 386560K, used 386548K [0x00000000d5580000, 0x00000000f0e80000, 0x0000000100000000)
  eden space 351232K, 100% used [0x00000000d5580000,0x00000000eac80000,0x00000000eac80000)
  from space 35328K, 99% used [0x00000000ed800000,0x00000000efa7d330,0x00000000efa80000)
  to   space 44544K, 0% used [0x00000000eac80000,0x00000000eac80000,0x00000000ed800000)
 ParOldGen       total 230912K, used 70490K [0x0000000080000000, 0x000000008e180000, 0x00000000d5580000)
  object space 230912K, 30% used [0x0000000080000000,0x00000000844d6910,0x000000008e180000)
 Metaspace       used 78499K, capacity 82972K, committed 83096K, reserved 1120256K
  class space    used 10729K, capacity 11573K, committed 11696K, reserved 1048576K
Event: 13.120 GC heap after
Heap after GC invocations=14 (full 3):
 PSYoungGen      total 395776K, used 44520K [0x00000000d5580000, 0x00000000f4f80000, 0x0000000100000000)
  eden space 351232K, 0% used [0x00000000d5580000,0x00000000d5580000,0x00000000eac80000)
  from space 44544K, 99% used [0x00000000eac80000,0x00000000ed7fa070,0x00000000ed800000)
  to   space 54272K, 0% used [0x00000000f1a80000,0x00000000f1a80000,0x00000000f4f80000)
 ParOldGen       total 230912K, used 78253K [0x0000000080000000, 0x000000008e180000, 0x00000000d5580000)
  object space 230912K, 33% used [0x0000000080000000,0x0000000084c6b678,0x000000008e180000)
 Metaspace       used 78499K, capacity 82972K, committed 83096K, reserved 1120256K
  class space    used 10729K, capacity 11573K, committed 11696K, reserved 1048576K
}
Event: 14.860 GC heap before
{Heap before GC invocations=15 (full 3):
 PSYoungGen      total 395776K, used 395752K [0x00000000d5580000, 0x00000000f4f80000, 0x0000000100000000)
  eden space 351232K, 100% used [0x00000000d5580000,0x00000000eac80000,0x00000000eac80000)
  from space 44544K, 99% used [0x00000000eac80000,0x00000000ed7fa070,0x00000000ed800000)
  to   space 54272K, 0% used [0x00000000f1a80000,0x00000000f1a80000,0x00000000f4f80000)
 ParOldGen       total 230912K, used 78253K [0x0000000080000000, 0x000000008e180000, 0x00000000d5580000)
  object space 230912K, 33% used [0x0000000080000000,0x0000000084c6b678,0x000000008e180000)
 Metaspace       used 89556K, capacity 95276K, committed 95384K, reserved 1130496K
  class space    used 12337K, capacity 13391K, committed 13488K, reserved 1048576K
Event: 14.888 GC heap after
Heap after GC invocations=15 (full 3):
 PSYoungGen      total 462336K, used 34416K [0x00000000d5580000, 0x00000000f5380000, 0x0000000100000000)
  eden space 408064K, 0% used [0x00000000d5580000,0x00000000d5580000,0x00000000ee400000)
  from space 54272K, 63% used [0x00000000f1a80000,0x00000000f3c1c2e8,0x00000000f4f80000)
  to   space 55808K, 0% used [0x00000000ee400000,0x00000000ee400000,0x00000000f1a80000)
 ParOldGen       total 230912K, used 106994K [0x0000000080000000, 0x000000008e180000, 0x00000000d5580000)
  object space 230912K, 46% used [0x0000000080000000,0x000000008687ca38,0x000000008e180000)
 Metaspace       used 89556K, capacity 95276K, committed 95384K, reserved 1130496K
  class space    used 12337K, capacity 13391K, committed 13488K, reserved 1048576K
}
Event: 15.929 GC heap before
{Heap before GC invocations=16 (full 3):
 PSYoungGen      total 462336K, used 227876K [0x00000000d5580000, 0x00000000f5380000, 0x0000000100000000)
  eden space 408064K, 47% used [0x00000000d5580000,0x00000000e126cdf8,0x00000000ee400000)
  from space 54272K, 63% used [0x00000000f1a80000,0x00000000f3c1c2e8,0x00000000f4f80000)
  to   space 55808K, 0% used [0x00000000ee400000,0x00000000ee400000,0x00000000f1a80000)
 ParOldGen       total 230912K, used 106994K [0x0000000080000000, 0x000000008e180000, 0x00000000d5580000)
  object space 230912K, 46% used [0x0000000080000000,0x000000008687ca38,0x000000008e180000)
 Metaspace       used 92543K, capacity 98556K, committed 98600K, reserved 1134592K
  class space    used 12613K, capacity 13741K, committed 13744K, reserved 1048576K
Event: 15.947 GC heap after
Heap after GC invocations=16 (full 3):
 PSYoungGen      total 463872K, used 32061K [0x00000000d5580000, 0x00000000f9600000, 0x0000000100000000)
  eden space 408064K, 0% used [0x00000000d5580000,0x00000000d5580000,0x00000000ee400000)
  from space 55808K, 57% used [0x00000000ee400000,0x00000000f034f538,0x00000000f1a80000)
  to   space 55808K, 0% used [0x00000000f5f80000,0x00000000f5f80000,0x00000000f9600000)
 ParOldGen       total 230912K, used 107010K [0x0000000080000000, 0x000000008e180000, 0x00000000d5580000)
  object space 230912K, 46% used [0x0000000080000000,0x0000000086880a38,0x000000008e180000)
 Metaspace       used 92543K, capacity 98556K, committed 98600K, reserved 1134592K
  class space    used 12613K, capacity 13741K, committed 13744K, reserved 1048576K
}
Event: 15.947 GC heap before
{Heap before GC invocations=17 (full 4):
 PSYoungGen      total 463872K, used 32061K [0x00000000d5580000, 0x00000000f9600000, 0x0000000100000000)
  eden space 408064K, 0% used [0x00000000d5580000,0x00000000d5580000,0x00000000ee400000)
  from space 55808K, 57% used [0x00000000ee400000,0x00000000f034f538,0x00000000f1a80000)
  to   space 55808K, 0% used [0x00000000f5f80000,0x00000000f5f80000,0x00000000f9600000)
 ParOldGen       total 230912K, used 107010K [0x0000000080000000, 0x000000008e180000, 0x00000000d5580000)
  object space 230912K, 46% used [0x0000000080000000,0x0000000086880a38,0x000000008e180000)
 Metaspace       used 92543K, capacity 98556K, committed 98600K, reserved 1134592K
  class space    used 12613K, capacity 13741K, committed 13744K, reserved 1048576K
Event: 16.146 GC heap after
Heap after GC invocations=17 (full 4):
 PSYoungGen      total 463872K, used 0K [0x00000000d5580000, 0x00000000f9600000, 0x0000000100000000)
  eden space 408064K, 0% used [0x00000000d5580000,0x00000000d5580000,0x00000000ee400000)
  from space 55808K, 0% used [0x00000000ee400000,0x00000000ee400000,0x00000000f1a80000)
  to   space 55808K, 0% used [0x00000000f5f80000,0x00000000f5f80000,0x00000000f9600000)
 ParOldGen       total 395776K, used 115329K [0x0000000080000000, 0x0000000098280000, 0x00000000d5580000)
  object space 395776K, 29% used [0x0000000080000000,0x00000000870a07b8,0x0000000098280000)
 Metaspace       used 91949K, capacity 96830K, committed 98600K, reserved 1134592K
  class space    used 12418K, capacity 13396K, committed 13744K, reserved 1048576K
}

