# JRE version: OpenJDK Runtime Environment (8.0_242-b01) (build 1.8.0_242-release-1644-b01)
# Java VM: OpenJDK 64-Bit Server VM (25.242-b01 mixed mode windows-amd64 compressed oops)
Heap:
 PSYoungGen      total 583168K, used 276928K [0x00000000d5580000, 0x0000000100000000, 0x0000000100000000)
  eden space 487936K, 41% used [0x00000000d5580000,0x00000000e1cfaab0,0x00000000f3200000)
  from space 95232K, 76% used [0x00000000fa300000,0x00000000fe9f5768,0x0000000100000000)
  to   space 105472K, 0% used [0x00000000f3200000,0x00000000f3200000,0x00000000f9900000)
 ParOldGen       total 607744K, used 168992K [0x0000000080000000, 0x00000000a5180000, 0x00000000d5580000)
  object space 607744K, 27% used [0x0000000080000000,0x000000008a508248,0x00000000a5180000)
 Metaspace       used 229145K, capacity 241919K, committed 245144K, reserved 1263616K
  class space    used 28052K, capacity 30175K, committed 30896K, reserved 1048576K
GC Heap History (10 events):
Event: 7509.155 GC heap before
{Heap before GC invocations=97 (full 6):
 PSYoungGen      total 629760K, used 629711K [0x00000000d5580000, 0x0000000100000000, 0x0000000100000000)
  eden space 582144K, 100% used [0x00000000d5580000,0x00000000f8e00000,0x00000000f8e00000)
  from space 47616K, 99% used [0x00000000fd180000,0x00000000ffff3ec0,0x0000000100000000)
  to   space 58368K, 0% used [0x00000000f8e00000,0x00000000f8e00000,0x00000000fc700000)
 ParOldGen       total 607744K, used 368143K [0x0000000080000000, 0x00000000a5180000, 0x00000000d5580000)
  object space 607744K, 60% used [0x0000000080000000,0x0000000096783e58,0x00000000a5180000)
 Metaspace       used 222286K, capacity 236633K, committed 236824K, reserved 1255424K
  class space    used 27473K, capacity 29831K, committed 30000K, reserved 1048576K
Event: 7509.199 GC heap after
Heap after GC invocations=97 (full 6):
 PSYoungGen      total 640512K, used 58353K [0x00000000d5580000, 0x0000000100000000, 0x0000000100000000)
  eden space 582144K, 0% used [0x00000000d5580000,0x00000000d5580000,0x00000000f8e00000)
  from space 58368K, 99% used [0x00000000f8e00000,0x00000000fc6fc688,0x00000000fc700000)
  to   space 58368K, 0% used [0x00000000fc700000,0x00000000fc700000,0x0000000100000000)
 ParOldGen       total 607744K, used 405274K [0x0000000080000000, 0x00000000a5180000, 0x00000000d5580000)
  object space 607744K, 66% used [0x0000000080000000,0x0000000098bc6828,0x00000000a5180000)
 Metaspace       used 222286K, capacity 236633K, committed 236824K, reserved 1255424K
  class space    used 27473K, capacity 29831K, committed 30000K, reserved 1048576K
}
Event: 10509.307 GC heap before
{Heap before GC invocations=98 (full 6):
 PSYoungGen      total 640512K, used 489073K [0x00000000d5580000, 0x0000000100000000, 0x0000000100000000)
  eden space 582144K, 73% used [0x00000000d5580000,0x00000000efa1ff18,0x00000000f8e00000)
  from space 58368K, 99% used [0x00000000f8e00000,0x00000000fc6fc688,0x00000000fc700000)
  to   space 58368K, 0% used [0x00000000fc700000,0x00000000fc700000,0x0000000100000000)
 ParOldGen       total 607744K, used 405274K [0x0000000080000000, 0x00000000a5180000, 0x00000000d5580000)
  object space 607744K, 66% used [0x0000000080000000,0x0000000098bc6828,0x00000000a5180000)
 Metaspace       used 222580K, capacity 237045K, committed 237336K, reserved 1257472K
  class space    used 27487K, capacity 29857K, committed 30000K, reserved 1048576K
Event: 10509.365 GC heap after
Heap after GC invocations=98 (full 6):
 PSYoungGen      total 574976K, used 56226K [0x00000000d5580000, 0x0000000100000000, 0x0000000100000000)
  eden space 516608K, 0% used [0x00000000d5580000,0x00000000d5580000,0x00000000f4e00000)
  from space 58368K, 96% used [0x00000000fc700000,0x00000000ffde8bb8,0x0000000100000000)
  to   space 91136K, 0% used [0x00000000f4e00000,0x00000000f4e00000,0x00000000fa700000)
 ParOldGen       total 607744K, used 456985K [0x0000000080000000, 0x00000000a5180000, 0x00000000d5580000)
  object space 607744K, 75% used [0x0000000080000000,0x000000009be467d0,0x00000000a5180000)
 Metaspace       used 222580K, capacity 237045K, committed 237336K, reserved 1257472K
  class space    used 27487K, capacity 29857K, committed 30000K, reserved 1048576K
}
Event: 10509.365 GC heap before
{Heap before GC invocations=99 (full 7):
 PSYoungGen      total 574976K, used 56226K [0x00000000d5580000, 0x0000000100000000, 0x0000000100000000)
  eden space 516608K, 0% used [0x00000000d5580000,0x00000000d5580000,0x00000000f4e00000)
  from space 58368K, 96% used [0x00000000fc700000,0x00000000ffde8bb8,0x0000000100000000)
  to   space 91136K, 0% used [0x00000000f4e00000,0x00000000f4e00000,0x00000000fa700000)
 ParOldGen       total 607744K, used 456985K [0x0000000080000000, 0x00000000a5180000, 0x00000000d5580000)
  object space 607744K, 75% used [0x0000000080000000,0x000000009be467d0,0x00000000a5180000)
 Metaspace       used 222580K, capacity 237045K, committed 237336K, reserved 1257472K
  class space    used 27487K, capacity 29857K, committed 30000K, reserved 1048576K
Event: 10509.923 GC heap after
Heap after GC invocations=99 (full 7):
 PSYoungGen      total 574976K, used 0K [0x00000000d5580000, 0x0000000100000000, 0x0000000100000000)
  eden space 516608K, 0% used [0x00000000d5580000,0x00000000d5580000,0x00000000f4e00000)
  from space 58368K, 0% used [0x00000000fc700000,0x00000000fc700000,0x0000000100000000)
  to   space 91136K, 0% used [0x00000000f4e00000,0x00000000f4e00000,0x00000000fa700000)
 ParOldGen       total 607744K, used 168976K [0x0000000080000000, 0x00000000a5180000, 0x00000000d5580000)
  object space 607744K, 27% used [0x0000000080000000,0x000000008a504248,0x00000000a5180000)
 Metaspace       used 220581K, capacity 232951K, committed 237336K, reserved 1257472K
  class space    used 27078K, capacity 29120K, committed 30000K, reserved 1048576K
}
Event: 12814.989 GC heap before
{Heap before GC invocations=100 (full 7):
 PSYoungGen      total 574976K, used 516608K [0x00000000d5580000, 0x0000000100000000, 0x0000000100000000)
  eden space 516608K, 100% used [0x00000000d5580000,0x00000000f4e00000,0x00000000f4e00000)
  from space 58368K, 0% used [0x00000000fc700000,0x00000000fc700000,0x0000000100000000)
  to   space 91136K, 0% used [0x00000000f4e00000,0x00000000f4e00000,0x00000000fa700000)
 ParOldGen       total 607744K, used 168976K [0x0000000080000000, 0x00000000a5180000, 0x00000000d5580000)
  object space 607744K, 27% used [0x0000000080000000,0x000000008a504248,0x00000000a5180000)
 Metaspace       used 221351K, capacity 234073K, committed 237336K, reserved 1257472K
  class space    used 27180K, capacity 29314K, committed 30000K, reserved 1048576K
Event: 12815.021 GC heap after
Heap after GC invocations=100 (full 7):
 PSYoungGen      total 571392K, used 54682K [0x00000000d5580000, 0x0000000100000000, 0x0000000100000000)
  eden space 516608K, 0% used [0x00000000d5580000,0x00000000d5580000,0x00000000f4e00000)
  from space 54784K, 99% used [0x00000000f4e00000,0x00000000f83669b8,0x00000000f8380000)
  to   space 95232K, 0% used [0x00000000fa300000,0x00000000fa300000,0x0000000100000000)
 ParOldGen       total 607744K, used 168984K [0x0000000080000000, 0x00000000a5180000, 0x00000000d5580000)
  object space 607744K, 27% used [0x0000000080000000,0x000000008a506248,0x00000000a5180000)
 Metaspace       used 221351K, capacity 234073K, committed 237336K, reserved 1257472K
  class space    used 27180K, capacity 29314K, committed 30000K, reserved 1048576K
}
Event: 12818.056 GC heap before
{Heap before GC invocations=101 (full 7):
 PSYoungGen      total 571392K, used 571290K [0x00000000d5580000, 0x0000000100000000, 0x0000000100000000)
  eden space 516608K, 100% used [0x00000000d5580000,0x00000000f4e00000,0x00000000f4e00000)
  from space 54784K, 99% used [0x00000000f4e00000,0x00000000f83669b8,0x00000000f8380000)
  to   space 95232K, 0% used [0x00000000fa300000,0x00000000fa300000,0x0000000100000000)
 ParOldGen       total 607744K, used 168984K [0x0000000080000000, 0x00000000a5180000, 0x00000000d5580000)
  object space 607744K, 27% used [0x0000000080000000,0x000000008a506248,0x00000000a5180000)
 Metaspace       used 229133K, capacity 241897K, committed 245144K, reserved 1263616K
  class space    used 28050K, capacity 30172K, committed 30896K, reserved 1048576K
Event: 12818.095 GC heap after
Heap after GC invocations=101 (full 7):
 PSYoungGen      total 583168K, used 72661K [0x00000000d5580000, 0x0000000100000000, 0x0000000100000000)
  eden space 487936K, 0% used [0x00000000d5580000,0x00000000d5580000,0x00000000f3200000)
  from space 95232K, 76% used [0x00000000fa300000,0x00000000fe9f5768,0x0000000100000000)
  to   space 105472K, 0% used [0x00000000f3200000,0x00000000f3200000,0x00000000f9900000)
 ParOldGen       total 607744K, used 168992K [0x0000000080000000, 0x00000000a5180000, 0x00000000d5580000)
  object space 607744K, 27% used [0x0000000080000000,0x000000008a508248,0x00000000a5180000)
 Metaspace       used 229133K, capacity 241897K, committed 245144K, reserved 1263616K
  class space    used 28050K, capacity 30172K, committed 30896K, reserved 1048576K
}

