# JRE version: OpenJDK Runtime Environment (8.0_242-b01) (build 1.8.0_242-release-1644-b01)
# Java VM: OpenJDK 64-Bit Server VM (25.242-b01 mixed mode windows-amd64 compressed oops)
Heap:
 PSYoungGen      total 429056K, used 141014K [0x00000000d5580000, 0x00000000f5b00000, 0x0000000100000000)
  eden space 386048K, 30% used [0x00000000d5580000,0x00000000dc93e170,0x00000000ece80000)
  from space 43008K, 52% used [0x00000000ece80000,0x00000000ee4777c8,0x00000000ef880000)
  to   space 41984K, 0% used [0x00000000f3200000,0x00000000f3200000,0x00000000f5b00000)
 ParOldGen       total 217600K, used 96175K [0x0000000080000000, 0x000000008d480000, 0x00000000d5580000)
  object space 217600K, 44% used [0x0000000080000000,0x0000000085debe38,0x000000008d480000)
 Metaspace       used 86172K, capacity 90792K, committed 90904K, reserved 1128448K
  class space    used 11384K, capacity 12225K, committed 12336K, reserved 1048576K
GC Heap History (10 events):
Event: 6.223 GC heap before
{Heap before GC invocations=10 (full 2):
 PSYoungGen      total 237056K, used 178645K [0x00000000d5580000, 0x00000000ec000000, 0x0000000100000000)
  eden space 221696K, 73% used [0x00000000d5580000,0x00000000df4f7948,0x00000000e2e00000)
  from space 15360K, 99% used [0x00000000e2e00000,0x00000000e3cfdd08,0x00000000e3d00000)
  to   space 17408K, 0% used [0x00000000eaf00000,0x00000000eaf00000,0x00000000ec000000)
 ParOldGen       total 140288K, used 16097K [0x0000000080000000, 0x0000000088900000, 0x00000000d5580000)
  object space 140288K, 11% used [0x0000000080000000,0x0000000080fb8510,0x0000000088900000)
 Metaspace       used 56849K, capacity 59122K, committed 59160K, reserved 1099776K
  class space    used 7705K, capacity 8209K, committed 8240K, reserved 1048576K
Event: 6.239 GC heap after
Heap after GC invocations=10 (full 2):
 PSYoungGen      total 346624K, used 17404K [0x00000000d5580000, 0x00000000ec880000, 0x0000000100000000)
  eden space 329216K, 0% used [0x00000000d5580000,0x00000000d5580000,0x00000000e9700000)
  from space 17408K, 99% used [0x00000000eaf00000,0x00000000ebfff320,0x00000000ec000000)
  to   space 24576K, 0% used [0x00000000e9700000,0x00000000e9700000,0x00000000eaf00000)
 ParOldGen       total 140288K, used 26803K [0x0000000080000000, 0x0000000088900000, 0x00000000d5580000)
  object space 140288K, 19% used [0x0000000080000000,0x0000000081a2ce38,0x0000000088900000)
 Metaspace       used 56849K, capacity 59122K, committed 59160K, reserved 1099776K
  class space    used 7705K, capacity 8209K, committed 8240K, reserved 1048576K
}
Event: 6.239 GC heap before
{Heap before GC invocations=11 (full 3):
 PSYoungGen      total 346624K, used 17404K [0x00000000d5580000, 0x00000000ec880000, 0x0000000100000000)
  eden space 329216K, 0% used [0x00000000d5580000,0x00000000d5580000,0x00000000e9700000)
  from space 17408K, 99% used [0x00000000eaf00000,0x00000000ebfff320,0x00000000ec000000)
  to   space 24576K, 0% used [0x00000000e9700000,0x00000000e9700000,0x00000000eaf00000)
 ParOldGen       total 140288K, used 26803K [0x0000000080000000, 0x0000000088900000, 0x00000000d5580000)
  object space 140288K, 19% used [0x0000000080000000,0x0000000081a2ce38,0x0000000088900000)
 Metaspace       used 56849K, capacity 59122K, committed 59160K, reserved 1099776K
  class space    used 7705K, capacity 8209K, committed 8240K, reserved 1048576K
Event: 6.406 GC heap after
Heap after GC invocations=11 (full 3):
 PSYoungGen      total 346624K, used 0K [0x00000000d5580000, 0x00000000ec880000, 0x0000000100000000)
  eden space 329216K, 0% used [0x00000000d5580000,0x00000000d5580000,0x00000000e9700000)
  from space 17408K, 0% used [0x00000000eaf00000,0x00000000eaf00000,0x00000000ec000000)
  to   space 24576K, 0% used [0x00000000e9700000,0x00000000e9700000,0x00000000eaf00000)
 ParOldGen       total 217600K, used 41353K [0x0000000080000000, 0x000000008d480000, 0x00000000d5580000)
  object space 217600K, 19% used [0x0000000080000000,0x0000000082862478,0x000000008d480000)
 Metaspace       used 56790K, capacity 58924K, committed 59160K, reserved 1099776K
  class space    used 7687K, capacity 8176K, committed 8240K, reserved 1048576K
}
Event: 8.759 GC heap before
{Heap before GC invocations=12 (full 3):
 PSYoungGen      total 346624K, used 329216K [0x00000000d5580000, 0x00000000ec880000, 0x0000000100000000)
  eden space 329216K, 100% used [0x00000000d5580000,0x00000000e9700000,0x00000000e9700000)
  from space 17408K, 0% used [0x00000000eaf00000,0x00000000eaf00000,0x00000000ec000000)
  to   space 24576K, 0% used [0x00000000e9700000,0x00000000e9700000,0x00000000eaf00000)
 ParOldGen       total 217600K, used 41353K [0x0000000080000000, 0x000000008d480000, 0x00000000d5580000)
  object space 217600K, 19% used [0x0000000080000000,0x0000000082862478,0x000000008d480000)
 Metaspace       used 69376K, capacity 73250K, committed 73496K, reserved 1112064K
  class space    used 9524K, capacity 10253K, committed 10288K, reserved 1048576K
Event: 8.786 GC heap after
Heap after GC invocations=12 (full 3):
 PSYoungGen      total 353792K, used 24573K [0x00000000d5580000, 0x00000000f1b00000, 0x0000000100000000)
  eden space 329216K, 0% used [0x00000000d5580000,0x00000000d5580000,0x00000000e9700000)
  from space 24576K, 99% used [0x00000000e9700000,0x00000000eaeff608,0x00000000eaf00000)
  to   space 35328K, 0% used [0x00000000ef880000,0x00000000ef880000,0x00000000f1b00000)
 ParOldGen       total 217600K, used 58997K [0x0000000080000000, 0x000000008d480000, 0x00000000d5580000)
  object space 217600K, 27% used [0x0000000080000000,0x000000008399d620,0x000000008d480000)
 Metaspace       used 69376K, capacity 73250K, committed 73496K, reserved 1112064K
  class space    used 9524K, capacity 10253K, committed 10288K, reserved 1048576K
}
Event: 10.569 GC heap before
{Heap before GC invocations=13 (full 3):
 PSYoungGen      total 353792K, used 353789K [0x00000000d5580000, 0x00000000f1b00000, 0x0000000100000000)
  eden space 329216K, 100% used [0x00000000d5580000,0x00000000e9700000,0x00000000e9700000)
  from space 24576K, 99% used [0x00000000e9700000,0x00000000eaeff608,0x00000000eaf00000)
  to   space 35328K, 0% used [0x00000000ef880000,0x00000000ef880000,0x00000000f1b00000)
 ParOldGen       total 217600K, used 58997K [0x0000000080000000, 0x000000008d480000, 0x00000000d5580000)
  object space 217600K, 27% used [0x0000000080000000,0x000000008399d620,0x000000008d480000)
 Metaspace       used 77045K, capacity 81202K, committed 81432K, reserved 1120256K
  class space    used 10452K, capacity 11245K, committed 11312K, reserved 1048576K
Event: 10.593 GC heap after
Heap after GC invocations=13 (full 3):
 PSYoungGen      total 421376K, used 35325K [0x00000000d5580000, 0x00000000f2780000, 0x0000000100000000)
  eden space 386048K, 0% used [0x00000000d5580000,0x00000000d5580000,0x00000000ece80000)
  from space 35328K, 99% used [0x00000000ef880000,0x00000000f1aff6a8,0x00000000f1b00000)
  to   space 43008K, 0% used [0x00000000ece80000,0x00000000ece80000,0x00000000ef880000)
 ParOldGen       total 217600K, used 66334K [0x0000000080000000, 0x000000008d480000, 0x00000000d5580000)
  object space 217600K, 30% used [0x0000000080000000,0x00000000840c7990,0x000000008d480000)
 Metaspace       used 77045K, capacity 81202K, committed 81432K, reserved 1120256K
  class space    used 10452K, capacity 11245K, committed 11312K, reserved 1048576K
}
Event: 50.644 GC heap before
{Heap before GC invocations=14 (full 3):
 PSYoungGen      total 421376K, used 421373K [0x00000000d5580000, 0x00000000f2780000, 0x0000000100000000)
  eden space 386048K, 100% used [0x00000000d5580000,0x00000000ece80000,0x00000000ece80000)
  from space 35328K, 99% used [0x00000000ef880000,0x00000000f1aff6a8,0x00000000f1b00000)
  to   space 43008K, 0% used [0x00000000ece80000,0x00000000ece80000,0x00000000ef880000)
 ParOldGen       total 217600K, used 66334K [0x0000000080000000, 0x000000008d480000, 0x00000000d5580000)
  object space 217600K, 30% used [0x0000000080000000,0x00000000840c7990,0x000000008d480000)
 Metaspace       used 86022K, capacity 90502K, committed 90776K, reserved 1128448K
  class space    used 11376K, capacity 12156K, committed 12208K, reserved 1048576K
Event: 50.681 GC heap after
Heap after GC invocations=14 (full 3):
 PSYoungGen      total 429056K, used 22493K [0x00000000d5580000, 0x00000000f5b00000, 0x0000000100000000)
  eden space 386048K, 0% used [0x00000000d5580000,0x00000000d5580000,0x00000000ece80000)
  from space 43008K, 52% used [0x00000000ece80000,0x00000000ee4777c8,0x00000000ef880000)
  to   space 41984K, 0% used [0x00000000f3200000,0x00000000f3200000,0x00000000f5b00000)
 ParOldGen       total 217600K, used 96175K [0x0000000080000000, 0x000000008d480000, 0x00000000d5580000)
  object space 217600K, 44% used [0x0000000080000000,0x0000000085debe38,0x000000008d480000)
 Metaspace       used 86022K, capacity 90502K, committed 90776K, reserved 1128448K
  class space    used 11376K, capacity 12156K, committed 12208K, reserved 1048576K
}

