# JRE version: OpenJDK Runtime Environment (8.0_242-b01) (build 1.8.0_242-release-1644-b01)
# Java VM: OpenJDK 64-Bit Server VM (25.242-b01 mixed mode windows-amd64 compressed oops)
Heap:
 PSYoungGen      total 120320K, used 41053K [0x00000000d5580000, 0x00000000e1e80000, 0x0000000100000000)
  eden space 108032K, 38% used [0x00000000d5580000,0x00000000d7d977a8,0x00000000dbf00000)
  from space 12288K, 0% used [0x00000000dbf00000,0x00000000dbf00000,0x00000000dcb00000)
  to   space 11776K, 0% used [0x00000000e1300000,0x00000000e1300000,0x00000000e1e80000)
 ParOldGen       total 143360K, used 15410K [0x0000000080000000, 0x0000000088c00000, 0x00000000d5580000)
  object space 143360K, 10% used [0x0000000080000000,0x0000000080f0caa0,0x0000000088c00000)
 Metaspace       used 36172K, capacity 37596K, committed 37928K, reserved 1081344K
  class space    used 4976K, capacity 5318K, committed 5424K, reserved 1048576K
GC Heap History (10 events):
Event: 2.071 GC heap before
{Heap before GC invocations=5 (full 1):
 PSYoungGen      total 76288K, used 7500K [0x00000000d5580000, 0x00000000dea80000, 0x0000000100000000)
  eden space 65536K, 0% used [0x00000000d5580000,0x00000000d5580000,0x00000000d9580000)
  from space 10752K, 69% used [0x00000000da000000,0x00000000da7533f0,0x00000000daa80000)
  to   space 10752K, 0% used [0x00000000d9580000,0x00000000d9580000,0x00000000da000000)
 ParOldGen       total 175104K, used 905K [0x0000000080000000, 0x000000008ab00000, 0x00000000d5580000)
  object space 175104K, 0% used [0x0000000080000000,0x00000000800e2650,0x000000008ab00000)
 Metaspace       used 20588K, capacity 21224K, committed 21296K, reserved 1067008K
  class space    used 2876K, capacity 3076K, committed 3120K, reserved 1048576K
Event: 2.096 GC heap after
Heap after GC invocations=5 (full 1):
 PSYoungGen      total 76288K, used 0K [0x00000000d5580000, 0x00000000dea80000, 0x0000000100000000)
  eden space 65536K, 0% used [0x00000000d5580000,0x00000000d5580000,0x00000000d9580000)
  from space 10752K, 0% used [0x00000000da000000,0x00000000da000000,0x00000000daa80000)
  to   space 10752K, 0% used [0x00000000d9580000,0x00000000d9580000,0x00000000da000000)
 ParOldGen       total 93696K, used 7285K [0x0000000080000000, 0x0000000085b80000, 0x00000000d5580000)
  object space 93696K, 7% used [0x0000000080000000,0x000000008071d5e8,0x0000000085b80000)
 Metaspace       used 20588K, capacity 21224K, committed 21296K, reserved 1067008K
  class space    used 2876K, capacity 3076K, committed 3120K, reserved 1048576K
}
Event: 2.508 GC heap before
{Heap before GC invocations=6 (full 1):
 PSYoungGen      total 76288K, used 65536K [0x00000000d5580000, 0x00000000dea80000, 0x0000000100000000)
  eden space 65536K, 100% used [0x00000000d5580000,0x00000000d9580000,0x00000000d9580000)
  from space 10752K, 0% used [0x00000000da000000,0x00000000da000000,0x00000000daa80000)
  to   space 10752K, 0% used [0x00000000d9580000,0x00000000d9580000,0x00000000da000000)
 ParOldGen       total 93696K, used 7285K [0x0000000080000000, 0x0000000085b80000, 0x00000000d5580000)
  object space 93696K, 7% used [0x0000000080000000,0x000000008071d5e8,0x0000000085b80000)
 Metaspace       used 28597K, capacity 29444K, committed 29616K, reserved 1075200K
  class space    used 3957K, capacity 4188K, committed 4272K, reserved 1048576K
Event: 2.512 GC heap after
Heap after GC invocations=6 (full 1):
 PSYoungGen      total 76288K, used 8292K [0x00000000d5580000, 0x00000000dd800000, 0x0000000100000000)
  eden space 65536K, 0% used [0x00000000d5580000,0x00000000d5580000,0x00000000d9580000)
  from space 10752K, 77% used [0x00000000d9580000,0x00000000d9d99118,0x00000000da000000)
  to   space 12288K, 0% used [0x00000000dcc00000,0x00000000dcc00000,0x00000000dd800000)
 ParOldGen       total 93696K, used 7293K [0x0000000080000000, 0x0000000085b80000, 0x00000000d5580000)
  object space 93696K, 7% used [0x0000000080000000,0x000000008071f5e8,0x0000000085b80000)
 Metaspace       used 28597K, capacity 29444K, committed 29616K, reserved 1075200K
  class space    used 3957K, capacity 4188K, committed 4272K, reserved 1048576K
}
Event: 2.859 GC heap before
{Heap before GC invocations=7 (full 1):
 PSYoungGen      total 76288K, used 73828K [0x00000000d5580000, 0x00000000dd800000, 0x0000000100000000)
  eden space 65536K, 100% used [0x00000000d5580000,0x00000000d9580000,0x00000000d9580000)
  from space 10752K, 77% used [0x00000000d9580000,0x00000000d9d99118,0x00000000da000000)
  to   space 12288K, 0% used [0x00000000dcc00000,0x00000000dcc00000,0x00000000dd800000)
 ParOldGen       total 93696K, used 7293K [0x0000000080000000, 0x0000000085b80000, 0x00000000d5580000)
  object space 93696K, 7% used [0x0000000080000000,0x000000008071f5e8,0x0000000085b80000)
 Metaspace       used 32720K, capacity 33802K, committed 33968K, reserved 1079296K
  class space    used 4463K, capacity 4751K, committed 4784K, reserved 1048576K
Event: 2.866 GC heap after
Heap after GC invocations=7 (full 1):
 PSYoungGen      total 119296K, used 9704K [0x00000000d5580000, 0x00000000dd700000, 0x0000000100000000)
  eden space 108032K, 0% used [0x00000000d5580000,0x00000000d5580000,0x00000000dbf00000)
  from space 11264K, 86% used [0x00000000dcc00000,0x00000000dd57a378,0x00000000dd700000)
  to   space 12288K, 0% used [0x00000000dbf00000,0x00000000dbf00000,0x00000000dcb00000)
 ParOldGen       total 93696K, used 7301K [0x0000000080000000, 0x0000000085b80000, 0x00000000d5580000)
  object space 93696K, 7% used [0x0000000080000000,0x00000000807215e8,0x0000000085b80000)
 Metaspace       used 32720K, capacity 33802K, committed 33968K, reserved 1079296K
  class space    used 4463K, capacity 4751K, committed 4784K, reserved 1048576K
}
Event: 3.023 GC heap before
{Heap before GC invocations=8 (full 1):
 PSYoungGen      total 119296K, used 45672K [0x00000000d5580000, 0x00000000dd700000, 0x0000000100000000)
  eden space 108032K, 33% used [0x00000000d5580000,0x00000000d789fdf8,0x00000000dbf00000)
  from space 11264K, 86% used [0x00000000dcc00000,0x00000000dd57a378,0x00000000dd700000)
  to   space 12288K, 0% used [0x00000000dbf00000,0x00000000dbf00000,0x00000000dcb00000)
 ParOldGen       total 93696K, used 7301K [0x0000000080000000, 0x0000000085b80000, 0x00000000d5580000)
  object space 93696K, 7% used [0x0000000080000000,0x00000000807215e8,0x0000000085b80000)
 Metaspace       used 34306K, capacity 35466K, committed 35496K, reserved 1079296K
  class space    used 4721K, capacity 5015K, committed 5040K, reserved 1048576K
Event: 3.029 GC heap after
Heap after GC invocations=8 (full 1):
 PSYoungGen      total 120320K, used 9003K [0x00000000d5580000, 0x00000000e1e80000, 0x0000000100000000)
  eden space 108032K, 0% used [0x00000000d5580000,0x00000000d5580000,0x00000000dbf00000)
  from space 12288K, 73% used [0x00000000dbf00000,0x00000000dc7caf60,0x00000000dcb00000)
  to   space 11776K, 0% used [0x00000000e1300000,0x00000000e1300000,0x00000000e1e80000)
 ParOldGen       total 93696K, used 7309K [0x0000000080000000, 0x0000000085b80000, 0x00000000d5580000)
  object space 93696K, 7% used [0x0000000080000000,0x00000000807235e8,0x0000000085b80000)
 Metaspace       used 34306K, capacity 35466K, committed 35496K, reserved 1079296K
  class space    used 4721K, capacity 5015K, committed 5040K, reserved 1048576K
}
Event: 3.029 GC heap before
{Heap before GC invocations=9 (full 2):
 PSYoungGen      total 120320K, used 9003K [0x00000000d5580000, 0x00000000e1e80000, 0x0000000100000000)
  eden space 108032K, 0% used [0x00000000d5580000,0x00000000d5580000,0x00000000dbf00000)
  from space 12288K, 73% used [0x00000000dbf00000,0x00000000dc7caf60,0x00000000dcb00000)
  to   space 11776K, 0% used [0x00000000e1300000,0x00000000e1300000,0x00000000e1e80000)
 ParOldGen       total 93696K, used 7309K [0x0000000080000000, 0x0000000085b80000, 0x00000000d5580000)
  object space 93696K, 7% used [0x0000000080000000,0x00000000807235e8,0x0000000085b80000)
 Metaspace       used 34306K, capacity 35466K, committed 35496K, reserved 1079296K
  class space    used 4721K, capacity 5015K, committed 5040K, reserved 1048576K
Event: 3.064 GC heap after
Heap after GC invocations=9 (full 2):
 PSYoungGen      total 120320K, used 0K [0x00000000d5580000, 0x00000000e1e80000, 0x0000000100000000)
  eden space 108032K, 0% used [0x00000000d5580000,0x00000000d5580000,0x00000000dbf00000)
  from space 12288K, 0% used [0x00000000dbf00000,0x00000000dbf00000,0x00000000dcb00000)
  to   space 11776K, 0% used [0x00000000e1300000,0x00000000e1300000,0x00000000e1e80000)
 ParOldGen       total 143360K, used 15410K [0x0000000080000000, 0x0000000088c00000, 0x00000000d5580000)
  object space 143360K, 10% used [0x0000000080000000,0x0000000080f0caa0,0x0000000088c00000)
 Metaspace       used 34306K, capacity 35466K, committed 35496K, reserved 1079296K
  class space    used 4721K, capacity 5015K, committed 5040K, reserved 1048576K
}

