# JRE version: OpenJDK Runtime Environment (8.0_242-b01) (build 1.8.0_242-release-1644-b01)
# Java VM: OpenJDK 64-Bit Server VM (25.242-b01 mixed mode windows-amd64 compressed oops)
Heap:
 PSYoungGen      total 344576K, used 4598K [0x00000000d5580000, 0x00000000ee780000, 0x0000000100000000)
  eden space 310272K, 1% used [0x00000000d5580000,0x00000000d59fd870,0x00000000e8480000)
  from space 34304K, 0% used [0x00000000e8480000,0x00000000e8480000,0x00000000ea600000)
  to   space 37888K, 0% used [0x00000000ec280000,0x00000000ec280000,0x00000000ee780000)
 ParOldGen       total 337920K, used 83406K [0x0000000080000000, 0x0000000094a00000, 0x00000000d5580000)
  object space 337920K, 24% used [0x0000000080000000,0x0000000085173958,0x0000000094a00000)
 Metaspace       used 91056K, capacity 96112K, committed 98968K, reserved 1134592K
  class space    used 12166K, capacity 13098K, committed 13744K, reserved 1048576K
GC Heap History (10 events):
Event: 492.370 GC heap before
{Heap before GC invocations=17 (full 3):
 PSYoungGen      total 278528K, used 267884K [0x00000000d5580000, 0x00000000ea600000, 0x0000000100000000)
  eden space 249856K, 100% used [0x00000000d5580000,0x00000000e4980000,0x00000000e4980000)
  from space 28672K, 62% used [0x00000000e4980000,0x00000000e5b1b008,0x00000000e6580000)
  to   space 28672K, 0% used [0x00000000e8a00000,0x00000000e8a00000,0x00000000ea600000)
 ParOldGen       total 212480K, used 64622K [0x0000000080000000, 0x000000008cf80000, 0x00000000d5580000)
  object space 212480K, 30% used [0x0000000080000000,0x0000000083f1b950,0x000000008cf80000)
 Metaspace       used 78708K, capacity 83028K, committed 83224K, reserved 1122304K
  class space    used 10499K, capacity 11300K, committed 11312K, reserved 1048576K
Event: 492.386 GC heap after
Heap after GC invocations=17 (full 3):
 PSYoungGen      total 312832K, used 25462K [0x00000000d5580000, 0x00000000ea800000, 0x0000000100000000)
  eden space 284160K, 0% used [0x00000000d5580000,0x00000000d5580000,0x00000000e6b00000)
  from space 28672K, 88% used [0x00000000e8a00000,0x00000000ea2dd838,0x00000000ea600000)
  to   space 31232K, 0% used [0x00000000e6b00000,0x00000000e6b00000,0x00000000e8980000)
 ParOldGen       total 212480K, used 64630K [0x0000000080000000, 0x000000008cf80000, 0x00000000d5580000)
  object space 212480K, 30% used [0x0000000080000000,0x0000000083f1d950,0x000000008cf80000)
 Metaspace       used 78708K, capacity 83028K, committed 83224K, reserved 1122304K
  class space    used 10499K, capacity 11300K, committed 11312K, reserved 1048576K
}
Event: 884.692 GC heap before
{Heap before GC invocations=18 (full 3):
 PSYoungGen      total 312832K, used 309622K [0x00000000d5580000, 0x00000000ea800000, 0x0000000100000000)
  eden space 284160K, 100% used [0x00000000d5580000,0x00000000e6b00000,0x00000000e6b00000)
  from space 28672K, 88% used [0x00000000e8a00000,0x00000000ea2dd838,0x00000000ea600000)
  to   space 31232K, 0% used [0x00000000e6b00000,0x00000000e6b00000,0x00000000e8980000)
 ParOldGen       total 212480K, used 64630K [0x0000000080000000, 0x000000008cf80000, 0x00000000d5580000)
  object space 212480K, 30% used [0x0000000080000000,0x0000000083f1d950,0x000000008cf80000)
 Metaspace       used 79381K, capacity 83902K, committed 84120K, reserved 1122304K
  class space    used 10535K, capacity 11359K, committed 11440K, reserved 1048576K
Event: 884.702 GC heap after
Heap after GC invocations=18 (full 3):
 PSYoungGen      total 315392K, used 14400K [0x00000000d5580000, 0x00000000ec300000, 0x0000000100000000)
  eden space 284160K, 0% used [0x00000000d5580000,0x00000000d5580000,0x00000000e6b00000)
  from space 31232K, 46% used [0x00000000e6b00000,0x00000000e7910050,0x00000000e8980000)
  to   space 29696K, 0% used [0x00000000ea600000,0x00000000ea600000,0x00000000ec300000)
 ParOldGen       total 212480K, used 64638K [0x0000000080000000, 0x000000008cf80000, 0x00000000d5580000)
  object space 212480K, 30% used [0x0000000080000000,0x0000000083f1f950,0x000000008cf80000)
 Metaspace       used 79381K, capacity 83902K, committed 84120K, reserved 1122304K
  class space    used 10535K, capacity 11359K, committed 11440K, reserved 1048576K
}
Event: 886.512 GC heap before
{Heap before GC invocations=19 (full 3):
 PSYoungGen      total 315392K, used 298560K [0x00000000d5580000, 0x00000000ec300000, 0x0000000100000000)
  eden space 284160K, 100% used [0x00000000d5580000,0x00000000e6b00000,0x00000000e6b00000)
  from space 31232K, 46% used [0x00000000e6b00000,0x00000000e7910050,0x00000000e8980000)
  to   space 29696K, 0% used [0x00000000ea600000,0x00000000ea600000,0x00000000ec300000)
 ParOldGen       total 212480K, used 64638K [0x0000000080000000, 0x000000008cf80000, 0x00000000d5580000)
  object space 212480K, 30% used [0x0000000080000000,0x0000000083f1f950,0x000000008cf80000)
 Metaspace       used 80838K, capacity 86070K, committed 86168K, reserved 1124352K
  class space    used 10745K, capacity 11661K, committed 11696K, reserved 1048576K
Event: 886.530 GC heap after
Heap after GC invocations=19 (full 3):
 PSYoungGen      total 339968K, used 29685K [0x00000000d5580000, 0x00000000ecc80000, 0x0000000100000000)
  eden space 310272K, 0% used [0x00000000d5580000,0x00000000d5580000,0x00000000e8480000)
  from space 29696K, 99% used [0x00000000ea600000,0x00000000ec2fd458,0x00000000ec300000)
  to   space 34304K, 0% used [0x00000000e8480000,0x00000000e8480000,0x00000000ea600000)
 ParOldGen       total 212480K, used 65925K [0x0000000080000000, 0x000000008cf80000, 0x00000000d5580000)
  object space 212480K, 31% used [0x0000000080000000,0x00000000840616c0,0x000000008cf80000)
 Metaspace       used 80838K, capacity 86070K, committed 86168K, reserved 1124352K
  class space    used 10745K, capacity 11661K, committed 11696K, reserved 1048576K
}
Event: 887.886 GC heap before
{Heap before GC invocations=20 (full 3):
 PSYoungGen      total 339968K, used 188197K [0x00000000d5580000, 0x00000000ecc80000, 0x0000000100000000)
  eden space 310272K, 51% used [0x00000000d5580000,0x00000000df04c0d0,0x00000000e8480000)
  from space 29696K, 99% used [0x00000000ea600000,0x00000000ec2fd458,0x00000000ec300000)
  to   space 34304K, 0% used [0x00000000e8480000,0x00000000e8480000,0x00000000ea600000)
 ParOldGen       total 212480K, used 65925K [0x0000000080000000, 0x000000008cf80000, 0x00000000d5580000)
  object space 212480K, 31% used [0x0000000080000000,0x00000000840616c0,0x000000008cf80000)
 Metaspace       used 91906K, capacity 98550K, committed 98584K, reserved 1134592K
  class space    used 12448K, capacity 13591K, committed 13616K, reserved 1048576K
Event: 887.908 GC heap after
Heap after GC invocations=20 (full 3):
 PSYoungGen      total 344576K, used 32083K [0x00000000d5580000, 0x00000000ee780000, 0x0000000100000000)
  eden space 310272K, 0% used [0x00000000d5580000,0x00000000d5580000,0x00000000e8480000)
  from space 34304K, 93% used [0x00000000e8480000,0x00000000ea3d4c80,0x00000000ea600000)
  to   space 37888K, 0% used [0x00000000ec280000,0x00000000ec280000,0x00000000ee780000)
 ParOldGen       total 212480K, used 77180K [0x0000000080000000, 0x000000008cf80000, 0x00000000d5580000)
  object space 212480K, 36% used [0x0000000080000000,0x0000000084b5f098,0x000000008cf80000)
 Metaspace       used 91906K, capacity 98550K, committed 98584K, reserved 1134592K
  class space    used 12448K, capacity 13591K, committed 13616K, reserved 1048576K
}
Event: 887.908 GC heap before
{Heap before GC invocations=21 (full 4):
 PSYoungGen      total 344576K, used 32083K [0x00000000d5580000, 0x00000000ee780000, 0x0000000100000000)
  eden space 310272K, 0% used [0x00000000d5580000,0x00000000d5580000,0x00000000e8480000)
  from space 34304K, 93% used [0x00000000e8480000,0x00000000ea3d4c80,0x00000000ea600000)
  to   space 37888K, 0% used [0x00000000ec280000,0x00000000ec280000,0x00000000ee780000)
 ParOldGen       total 212480K, used 77180K [0x0000000080000000, 0x000000008cf80000, 0x00000000d5580000)
  object space 212480K, 36% used [0x0000000080000000,0x0000000084b5f098,0x000000008cf80000)
 Metaspace       used 91906K, capacity 98550K, committed 98584K, reserved 1134592K
  class space    used 12448K, capacity 13591K, committed 13616K, reserved 1048576K
Event: 888.095 GC heap after
Heap after GC invocations=21 (full 4):
 PSYoungGen      total 344576K, used 0K [0x00000000d5580000, 0x00000000ee780000, 0x0000000100000000)
  eden space 310272K, 0% used [0x00000000d5580000,0x00000000d5580000,0x00000000e8480000)
  from space 34304K, 0% used [0x00000000e8480000,0x00000000e8480000,0x00000000ea600000)
  to   space 37888K, 0% used [0x00000000ec280000,0x00000000ec280000,0x00000000ee780000)
 ParOldGen       total 337920K, used 83406K [0x0000000080000000, 0x0000000094a00000, 0x00000000d5580000)
  object space 337920K, 24% used [0x0000000080000000,0x0000000085173958,0x0000000094a00000)
 Metaspace       used 91012K, capacity 96016K, committed 98584K, reserved 1134592K
  class space    used 12152K, capacity 13066K, committed 13616K, reserved 1048576K
}

