# JRE version: OpenJDK Runtime Environment (8.0_242-b01) (build 1.8.0_242-release-1644-b01)
# Java VM: OpenJDK 64-Bit Server VM (25.242-b01 mixed mode windows-amd64 compressed oops)
Heap:
 PSYoungGen      total 121344K, used 75561K [0x00000000d5580000, 0x00000000dd800000, 0x0000000100000000)
  eden space 109056K, 69% used [0x00000000d5580000,0x00000000d9f4a508,0x00000000dc000000)
  from space 12288K, 0% used [0x00000000dc000000,0x00000000dc000000,0x00000000dcc00000)
  to   space 11776K, 0% used [0x00000000dcc80000,0x00000000dcc80000,0x00000000dd800000)
 ParOldGen       total 140800K, used 15389K [0x0000000080000000, 0x0000000088980000, 0x00000000d5580000)
  object space 140800K, 10% used [0x0000000080000000,0x0000000080f074f0,0x0000000088980000)
 Metaspace       used 36717K, capacity 38360K, committed 38440K, reserved 1083392K
  class space    used 5068K, capacity 5424K, committed 5424K, reserved 1048576K
GC Heap History (10 events):
Event: 1.891 GC heap before
{Heap before GC invocations=5 (full 1):
 PSYoungGen      total 76288K, used 7465K [0x00000000d5580000, 0x00000000daa80000, 0x0000000100000000)
  eden space 65536K, 0% used [0x00000000d5580000,0x00000000d5580000,0x00000000d9580000)
  from space 10752K, 69% used [0x00000000da000000,0x00000000da74a480,0x00000000daa80000)
  to   space 10752K, 0% used [0x00000000d9580000,0x00000000d9580000,0x00000000da000000)
 ParOldGen       total 175104K, used 987K [0x0000000080000000, 0x000000008ab00000, 0x00000000d5580000)
  object space 175104K, 0% used [0x0000000080000000,0x00000000800f6db8,0x000000008ab00000)
 Metaspace       used 20589K, capacity 21224K, committed 21296K, reserved 1067008K
  class space    used 2878K, capacity 3076K, committed 3120K, reserved 1048576K
Event: 1.914 GC heap after
Heap after GC invocations=5 (full 1):
 PSYoungGen      total 76288K, used 0K [0x00000000d5580000, 0x00000000daa80000, 0x0000000100000000)
  eden space 65536K, 0% used [0x00000000d5580000,0x00000000d5580000,0x00000000d9580000)
  from space 10752K, 0% used [0x00000000da000000,0x00000000da000000,0x00000000daa80000)
  to   space 10752K, 0% used [0x00000000d9580000,0x00000000d9580000,0x00000000da000000)
 ParOldGen       total 93184K, used 7249K [0x0000000080000000, 0x0000000085b00000, 0x00000000d5580000)
  object space 93184K, 7% used [0x0000000080000000,0x0000000080714628,0x0000000085b00000)
 Metaspace       used 20589K, capacity 21224K, committed 21296K, reserved 1067008K
  class space    used 2878K, capacity 3076K, committed 3120K, reserved 1048576K
}
Event: 2.314 GC heap before
{Heap before GC invocations=6 (full 1):
 PSYoungGen      total 76288K, used 65536K [0x00000000d5580000, 0x00000000daa80000, 0x0000000100000000)
  eden space 65536K, 100% used [0x00000000d5580000,0x00000000d9580000,0x00000000d9580000)
  from space 10752K, 0% used [0x00000000da000000,0x00000000da000000,0x00000000daa80000)
  to   space 10752K, 0% used [0x00000000d9580000,0x00000000d9580000,0x00000000da000000)
 ParOldGen       total 93184K, used 7249K [0x0000000080000000, 0x0000000085b00000, 0x00000000d5580000)
  object space 93184K, 7% used [0x0000000080000000,0x0000000080714628,0x0000000085b00000)
 Metaspace       used 28653K, capacity 29540K, committed 29616K, reserved 1075200K
  class space    used 3968K, capacity 4220K, committed 4272K, reserved 1048576K
Event: 2.319 GC heap after
Heap after GC invocations=6 (full 1):
 PSYoungGen      total 76288K, used 8274K [0x00000000d5580000, 0x00000000dd880000, 0x0000000100000000)
  eden space 65536K, 0% used [0x00000000d5580000,0x00000000d5580000,0x00000000d9580000)
  from space 10752K, 76% used [0x00000000d9580000,0x00000000d9d949f0,0x00000000da000000)
  to   space 12288K, 0% used [0x00000000dcc80000,0x00000000dcc80000,0x00000000dd880000)
 ParOldGen       total 93184K, used 7257K [0x0000000080000000, 0x0000000085b00000, 0x00000000d5580000)
  object space 93184K, 7% used [0x0000000080000000,0x0000000080716628,0x0000000085b00000)
 Metaspace       used 28653K, capacity 29540K, committed 29616K, reserved 1075200K
  class space    used 3968K, capacity 4220K, committed 4272K, reserved 1048576K
}
Event: 2.658 GC heap before
{Heap before GC invocations=7 (full 1):
 PSYoungGen      total 76288K, used 73810K [0x00000000d5580000, 0x00000000dd880000, 0x0000000100000000)
  eden space 65536K, 100% used [0x00000000d5580000,0x00000000d9580000,0x00000000d9580000)
  from space 10752K, 76% used [0x00000000d9580000,0x00000000d9d949f0,0x00000000da000000)
  to   space 12288K, 0% used [0x00000000dcc80000,0x00000000dcc80000,0x00000000dd880000)
 ParOldGen       total 93184K, used 7257K [0x0000000080000000, 0x0000000085b00000, 0x00000000d5580000)
  object space 93184K, 7% used [0x0000000080000000,0x0000000080716628,0x0000000085b00000)
 Metaspace       used 32706K, capacity 33802K, committed 33968K, reserved 1079296K
  class space    used 4468K, capacity 4751K, committed 4784K, reserved 1048576K
Event: 2.665 GC heap after
Heap after GC invocations=7 (full 1):
 PSYoungGen      total 120832K, used 9656K [0x00000000d5580000, 0x00000000dd800000, 0x0000000100000000)
  eden space 109056K, 0% used [0x00000000d5580000,0x00000000d5580000,0x00000000dc000000)
  from space 11776K, 82% used [0x00000000dcc80000,0x00000000dd5ee1e8,0x00000000dd800000)
  to   space 12288K, 0% used [0x00000000dc000000,0x00000000dc000000,0x00000000dcc00000)
 ParOldGen       total 93184K, used 7265K [0x0000000080000000, 0x0000000085b00000, 0x00000000d5580000)
  object space 93184K, 7% used [0x0000000080000000,0x0000000080718628,0x0000000085b00000)
 Metaspace       used 32706K, capacity 33802K, committed 33968K, reserved 1079296K
  class space    used 4468K, capacity 4751K, committed 4784K, reserved 1048576K
}
Event: 2.816 GC heap before
{Heap before GC invocations=8 (full 1):
 PSYoungGen      total 120832K, used 44665K [0x00000000d5580000, 0x00000000dd800000, 0x0000000100000000)
  eden space 109056K, 32% used [0x00000000d5580000,0x00000000d77b0358,0x00000000dc000000)
  from space 11776K, 82% used [0x00000000dcc80000,0x00000000dd5ee1e8,0x00000000dd800000)
  to   space 12288K, 0% used [0x00000000dc000000,0x00000000dc000000,0x00000000dcc00000)
 ParOldGen       total 93184K, used 7265K [0x0000000080000000, 0x0000000085b00000, 0x00000000d5580000)
  object space 93184K, 7% used [0x0000000080000000,0x0000000080718628,0x0000000085b00000)
 Metaspace       used 34306K, capacity 35466K, committed 35496K, reserved 1079296K
  class space    used 4726K, capacity 5015K, committed 5040K, reserved 1048576K
Event: 2.823 GC heap after
Heap after GC invocations=8 (full 1):
 PSYoungGen      total 121344K, used 8988K [0x00000000d5580000, 0x00000000dd800000, 0x0000000100000000)
  eden space 109056K, 0% used [0x00000000d5580000,0x00000000d5580000,0x00000000dc000000)
  from space 12288K, 73% used [0x00000000dc000000,0x00000000dc8c7130,0x00000000dcc00000)
  to   space 11776K, 0% used [0x00000000dcc80000,0x00000000dcc80000,0x00000000dd800000)
 ParOldGen       total 93184K, used 7273K [0x0000000080000000, 0x0000000085b00000, 0x00000000d5580000)
  object space 93184K, 7% used [0x0000000080000000,0x000000008071a628,0x0000000085b00000)
 Metaspace       used 34306K, capacity 35466K, committed 35496K, reserved 1079296K
  class space    used 4726K, capacity 5015K, committed 5040K, reserved 1048576K
}
Event: 2.823 GC heap before
{Heap before GC invocations=9 (full 2):
 PSYoungGen      total 121344K, used 8988K [0x00000000d5580000, 0x00000000dd800000, 0x0000000100000000)
  eden space 109056K, 0% used [0x00000000d5580000,0x00000000d5580000,0x00000000dc000000)
  from space 12288K, 73% used [0x00000000dc000000,0x00000000dc8c7130,0x00000000dcc00000)
  to   space 11776K, 0% used [0x00000000dcc80000,0x00000000dcc80000,0x00000000dd800000)
 ParOldGen       total 93184K, used 7273K [0x0000000080000000, 0x0000000085b00000, 0x00000000d5580000)
  object space 93184K, 7% used [0x0000000080000000,0x000000008071a628,0x0000000085b00000)
 Metaspace       used 34306K, capacity 35466K, committed 35496K, reserved 1079296K
  class space    used 4726K, capacity 5015K, committed 5040K, reserved 1048576K
Event: 2.856 GC heap after
Heap after GC invocations=9 (full 2):
 PSYoungGen      total 121344K, used 0K [0x00000000d5580000, 0x00000000dd800000, 0x0000000100000000)
  eden space 109056K, 0% used [0x00000000d5580000,0x00000000d5580000,0x00000000dc000000)
  from space 12288K, 0% used [0x00000000dc000000,0x00000000dc000000,0x00000000dcc00000)
  to   space 11776K, 0% used [0x00000000dcc80000,0x00000000dcc80000,0x00000000dd800000)
 ParOldGen       total 140800K, used 15389K [0x0000000080000000, 0x0000000088980000, 0x00000000d5580000)
  object space 140800K, 10% used [0x0000000080000000,0x0000000080f074f0,0x0000000088980000)
 Metaspace       used 34306K, capacity 35466K, committed 35496K, reserved 1079296K
  class space    used 4726K, capacity 5015K, committed 5040K, reserved 1048576K
}

