# JRE version: OpenJDK Runtime Environment (8.0_242-b01) (build 1.8.0_242-release-1644-b01)
# Java VM: OpenJDK 64-Bit Server VM (25.242-b01 mixed mode windows-amd64 compressed oops)
Heap:
 PSYoungGen      total 174080K, used 29906K [0x000000076b100000, 0x0000000777400000, 0x00000007c0000000)
  eden space 163328K, 11% used [0x000000076b100000,0x000000076c3b8478,0x0000000775080000)
  from space 10752K, 99% used [0x0000000776980000,0x00000007773fc510,0x0000000777400000)
  to   space 10752K, 0% used [0x0000000775f00000,0x0000000775f00000,0x0000000776980000)
 ParOldGen       total 141824K, used 58576K [0x00000006c1200000, 0x00000006c9c80000, 0x000000076b100000)
  object space 141824K, 41% used [0x00000006c1200000,0x00000006c4b34210,0x00000006c9c80000)
 Metaspace       used 46069K, capacity 46884K, committed 47192K, reserved 1091584K
  class space    used 5500K, capacity 5738K, committed 5760K, reserved 1048576K
GC Heap History (10 events):
Event: 1.039 GC heap before
{Heap before GC invocations=2 (full 0):
 PSYoungGen      total 76288K, used 44297K [0x000000076b100000, 0x0000000774600000, 0x00000007c0000000)
  eden space 65536K, 51% used [0x000000076b100000,0x000000076d1c5010,0x000000076f100000)
  from space 10752K, 99% used [0x000000076f100000,0x000000076fb7d7e8,0x000000076fb80000)
  to   space 10752K, 0% used [0x0000000773b80000,0x0000000773b80000,0x0000000774600000)
 ParOldGen       total 175104K, used 4734K [0x00000006c1200000, 0x00000006cbd00000, 0x000000076b100000)
  object space 175104K, 2% used [0x00000006c1200000,0x00000006c169f8d8,0x00000006cbd00000)
 Metaspace       used 20732K, capacity 21182K, committed 21248K, reserved 1069056K
  class space    used 2366K, capacity 2527K, committed 2560K, reserved 1048576K
Event: 1.048 GC heap after
Heap after GC invocations=2 (full 0):
 PSYoungGen      total 141824K, used 10721K [0x000000076b100000, 0x0000000774600000, 0x00000007c0000000)
  eden space 131072K, 0% used [0x000000076b100000,0x000000076b100000,0x0000000773100000)
  from space 10752K, 99% used [0x0000000773b80000,0x00000007745f8790,0x0000000774600000)
  to   space 10752K, 0% used [0x0000000773100000,0x0000000773100000,0x0000000773b80000)
 ParOldGen       total 175104K, used 16549K [0x00000006c1200000, 0x00000006cbd00000, 0x000000076b100000)
  object space 175104K, 9% used [0x00000006c1200000,0x00000006c2229668,0x00000006cbd00000)
 Metaspace       used 20732K, capacity 21182K, committed 21248K, reserved 1069056K
  class space    used 2366K, capacity 2527K, committed 2560K, reserved 1048576K
}
Event: 1.048 GC heap before
{Heap before GC invocations=3 (full 1):
 PSYoungGen      total 141824K, used 10721K [0x000000076b100000, 0x0000000774600000, 0x00000007c0000000)
  eden space 131072K, 0% used [0x000000076b100000,0x000000076b100000,0x0000000773100000)
  from space 10752K, 99% used [0x0000000773b80000,0x00000007745f8790,0x0000000774600000)
  to   space 10752K, 0% used [0x0000000773100000,0x0000000773100000,0x0000000773b80000)
 ParOldGen       total 175104K, used 16549K [0x00000006c1200000, 0x00000006cbd00000, 0x000000076b100000)
  object space 175104K, 9% used [0x00000006c1200000,0x00000006c2229668,0x00000006cbd00000)
 Metaspace       used 20732K, capacity 21182K, committed 21248K, reserved 1069056K
  class space    used 2366K, capacity 2527K, committed 2560K, reserved 1048576K
Event: 1.088 GC heap after
Heap after GC invocations=3 (full 1):
 PSYoungGen      total 141824K, used 0K [0x000000076b100000, 0x0000000774600000, 0x00000007c0000000)
  eden space 131072K, 0% used [0x000000076b100000,0x000000076b100000,0x0000000773100000)
  from space 10752K, 0% used [0x0000000773b80000,0x0000000773b80000,0x0000000774600000)
  to   space 10752K, 0% used [0x0000000773100000,0x0000000773100000,0x0000000773b80000)
 ParOldGen       total 141824K, used 22321K [0x00000006c1200000, 0x00000006c9c80000, 0x000000076b100000)
  object space 141824K, 15% used [0x00000006c1200000,0x00000006c27cc760,0x00000006c9c80000)
 Metaspace       used 20732K, capacity 21182K, committed 21248K, reserved 1069056K
  class space    used 2366K, capacity 2527K, committed 2560K, reserved 1048576K
}
Event: 2.176 GC heap before
{Heap before GC invocations=4 (full 1):
 PSYoungGen      total 141824K, used 100488K [0x000000076b100000, 0x0000000774600000, 0x00000007c0000000)
  eden space 131072K, 76% used [0x000000076b100000,0x0000000771322078,0x0000000773100000)
  from space 10752K, 0% used [0x0000000773b80000,0x0000000773b80000,0x0000000774600000)
  to   space 10752K, 0% used [0x0000000773100000,0x0000000773100000,0x0000000773b80000)
 ParOldGen       total 141824K, used 22321K [0x00000006c1200000, 0x00000006c9c80000, 0x000000076b100000)
  object space 141824K, 15% used [0x00000006c1200000,0x00000006c27cc760,0x00000006c9c80000)
 Metaspace       used 34587K, capacity 35202K, committed 35416K, reserved 1081344K
  class space    used 4311K, capacity 4476K, committed 4480K, reserved 1048576K
Event: 2.192 GC heap after
Heap after GC invocations=4 (full 1):
 PSYoungGen      total 141824K, used 10741K [0x000000076b100000, 0x0000000777400000, 0x00000007c0000000)
  eden space 131072K, 0% used [0x000000076b100000,0x000000076b100000,0x0000000773100000)
  from space 10752K, 99% used [0x0000000773100000,0x0000000773b7d718,0x0000000773b80000)
  to   space 10752K, 0% used [0x0000000776980000,0x0000000776980000,0x0000000777400000)
 ParOldGen       total 141824K, used 35475K [0x00000006c1200000, 0x00000006c9c80000, 0x000000076b100000)
  object space 141824K, 25% used [0x00000006c1200000,0x00000006c34a4fc8,0x00000006c9c80000)
 Metaspace       used 34587K, capacity 35202K, committed 35416K, reserved 1081344K
  class space    used 4311K, capacity 4476K, committed 4480K, reserved 1048576K
}
Event: 2.192 GC heap before
{Heap before GC invocations=5 (full 2):
 PSYoungGen      total 141824K, used 10741K [0x000000076b100000, 0x0000000777400000, 0x00000007c0000000)
  eden space 131072K, 0% used [0x000000076b100000,0x000000076b100000,0x0000000773100000)
  from space 10752K, 99% used [0x0000000773100000,0x0000000773b7d718,0x0000000773b80000)
  to   space 10752K, 0% used [0x0000000776980000,0x0000000776980000,0x0000000777400000)
 ParOldGen       total 141824K, used 35475K [0x00000006c1200000, 0x00000006c9c80000, 0x000000076b100000)
  object space 141824K, 25% used [0x00000006c1200000,0x00000006c34a4fc8,0x00000006c9c80000)
 Metaspace       used 34587K, capacity 35202K, committed 35416K, reserved 1081344K
  class space    used 4311K, capacity 4476K, committed 4480K, reserved 1048576K
Event: 2.281 GC heap after
Heap after GC invocations=5 (full 2):
 PSYoungGen      total 141824K, used 0K [0x000000076b100000, 0x0000000777400000, 0x00000007c0000000)
  eden space 131072K, 0% used [0x000000076b100000,0x000000076b100000,0x0000000773100000)
  from space 10752K, 0% used [0x0000000773100000,0x0000000773100000,0x0000000773b80000)
  to   space 10752K, 0% used [0x0000000776980000,0x0000000776980000,0x0000000777400000)
 ParOldGen       total 141824K, used 42538K [0x00000006c1200000, 0x00000006c9c80000, 0x000000076b100000)
  object space 141824K, 29% used [0x00000006c1200000,0x00000006c3b8a870,0x00000006c9c80000)
 Metaspace       used 34587K, capacity 35202K, committed 35416K, reserved 1081344K
  class space    used 4311K, capacity 4476K, committed 4480K, reserved 1048576K
}
Event: 3.583 GC heap before
{Heap before GC invocations=6 (full 2):
 PSYoungGen      total 141824K, used 131072K [0x000000076b100000, 0x0000000777400000, 0x00000007c0000000)
  eden space 131072K, 100% used [0x000000076b100000,0x0000000773100000,0x0000000773100000)
  from space 10752K, 0% used [0x0000000773100000,0x0000000773100000,0x0000000773b80000)
  to   space 10752K, 0% used [0x0000000776980000,0x0000000776980000,0x0000000777400000)
 ParOldGen       total 141824K, used 42538K [0x00000006c1200000, 0x00000006c9c80000, 0x000000076b100000)
  object space 141824K, 29% used [0x00000006c1200000,0x00000006c3b8a870,0x00000006c9c80000)
 Metaspace       used 44893K, capacity 45740K, committed 46168K, reserved 1089536K
  class space    used 5388K, capacity 5638K, committed 5760K, reserved 1048576K
Event: 3.597 GC heap after
Heap after GC invocations=6 (full 2):
 PSYoungGen      total 174080K, used 10737K [0x000000076b100000, 0x0000000777400000, 0x00000007c0000000)
  eden space 163328K, 0% used [0x000000076b100000,0x000000076b100000,0x0000000775080000)
  from space 10752K, 99% used [0x0000000776980000,0x00000007773fc510,0x0000000777400000)
  to   space 10752K, 0% used [0x0000000775f00000,0x0000000775f00000,0x0000000776980000)
 ParOldGen       total 141824K, used 58576K [0x00000006c1200000, 0x00000006c9c80000, 0x000000076b100000)
  object space 141824K, 41% used [0x00000006c1200000,0x00000006c4b34210,0x00000006c9c80000)
 Metaspace       used 44893K, capacity 45740K, committed 46168K, reserved 1089536K
  class space    used 5388K, capacity 5638K, committed 5760K, reserved 1048576K
}

