# JRE version: OpenJDK Runtime Environment (8.0_242-b01) (build 1.8.0_242-release-1644-b01)
# Java VM: OpenJDK 64-Bit Server VM (25.242-b01 mixed mode windows-amd64 compressed oops)
Heap:
 PSYoungGen      total 352768K, used 295678K [0x00000000d5580000, 0x00000000eda00000, 0x0000000100000000)
  eden space 309760K, 91% used [0x00000000d5580000,0x00000000e68d8d00,0x00000000e8400000)
  from space 43008K, 31% used [0x00000000eb000000,0x00000000ebd66ea0,0x00000000eda00000)
  to   space 44032K, 0% used [0x00000000e8400000,0x00000000e8400000,0x00000000eaf00000)
 ParOldGen       total 353280K, used 88920K [0x0000000080000000, 0x0000000095900000, 0x00000000d5580000)
  object space 353280K, 25% used [0x0000000080000000,0x00000000856d6298,0x0000000095900000)
 Metaspace       used 94351K, capacity 100266K, committed 102808K, reserved 1138688K
  class space    used 12632K, capacity 13679K, committed 14256K, reserved 1048576K
GC Heap History (10 events):
Event: 168.534 GC heap before
{Heap before GC invocations=18 (full 3):
 PSYoungGen      total 284672K, used 282966K [0x00000000d5580000, 0x00000000e8d80000, 0x0000000100000000)
  eden space 259072K, 100% used [0x00000000d5580000,0x00000000e5280000,0x00000000e5280000)
  from space 25600K, 93% used [0x00000000e7480000,0x00000000e8bd5838,0x00000000e8d80000)
  to   space 30208K, 0% used [0x00000000e5280000,0x00000000e5280000,0x00000000e7000000)
 ParOldGen       total 220672K, used 58939K [0x0000000080000000, 0x000000008d780000, 0x00000000d5580000)
  object space 220672K, 26% used [0x0000000080000000,0x000000008398ec90,0x000000008d780000)
 Metaspace       used 79623K, capacity 84158K, committed 84376K, reserved 1122304K
  class space    used 10552K, capacity 11365K, committed 11440K, reserved 1048576K
Event: 168.545 GC heap after
Heap after GC invocations=18 (full 3):
 PSYoungGen      total 289280K, used 19460K [0x00000000d5580000, 0x00000000ea580000, 0x0000000100000000)
  eden space 259072K, 0% used [0x00000000d5580000,0x00000000d5580000,0x00000000e5280000)
  from space 30208K, 64% used [0x00000000e5280000,0x00000000e65812f0,0x00000000e7000000)
  to   space 30208K, 0% used [0x00000000e8800000,0x00000000e8800000,0x00000000ea580000)
 ParOldGen       total 220672K, used 58947K [0x0000000080000000, 0x000000008d780000, 0x00000000d5580000)
  object space 220672K, 26% used [0x0000000080000000,0x0000000083990c90,0x000000008d780000)
 Metaspace       used 79623K, capacity 84158K, committed 84376K, reserved 1122304K
  class space    used 10552K, capacity 11365K, committed 11440K, reserved 1048576K
}
Event: 170.319 GC heap before
{Heap before GC invocations=19 (full 3):
 PSYoungGen      total 289280K, used 278532K [0x00000000d5580000, 0x00000000ea580000, 0x0000000100000000)
  eden space 259072K, 100% used [0x00000000d5580000,0x00000000e5280000,0x00000000e5280000)
  from space 30208K, 64% used [0x00000000e5280000,0x00000000e65812f0,0x00000000e7000000)
  to   space 30208K, 0% used [0x00000000e8800000,0x00000000e8800000,0x00000000ea580000)
 ParOldGen       total 220672K, used 58947K [0x0000000080000000, 0x000000008d780000, 0x00000000d5580000)
  object space 220672K, 26% used [0x0000000080000000,0x0000000083990c90,0x000000008d780000)
 Metaspace       used 82276K, capacity 87542K, committed 87704K, reserved 1124352K
  class space    used 10931K, capacity 11857K, committed 11952K, reserved 1048576K
Event: 170.337 GC heap after
Heap after GC invocations=19 (full 3):
 PSYoungGen      total 308736K, used 30197K [0x00000000d5580000, 0x00000000eb180000, 0x0000000100000000)
  eden space 278528K, 0% used [0x00000000d5580000,0x00000000d5580000,0x00000000e6580000)
  from space 30208K, 99% used [0x00000000e8800000,0x00000000ea57d4d8,0x00000000ea580000)
  to   space 35328K, 0% used [0x00000000e6580000,0x00000000e6580000,0x00000000e8800000)
 ParOldGen       total 220672K, used 62456K [0x0000000080000000, 0x000000008d780000, 0x00000000d5580000)
  object space 220672K, 28% used [0x0000000080000000,0x0000000083cfe1f8,0x000000008d780000)
 Metaspace       used 82276K, capacity 87542K, committed 87704K, reserved 1124352K
  class space    used 10931K, capacity 11857K, committed 11952K, reserved 1048576K
}
Event: 170.908 GC heap before
{Heap before GC invocations=20 (full 3):
 PSYoungGen      total 308736K, used 134689K [0x00000000d5580000, 0x00000000eb180000, 0x0000000100000000)
  eden space 278528K, 37% used [0x00000000d5580000,0x00000000dbb8b070,0x00000000e6580000)
  from space 30208K, 99% used [0x00000000e8800000,0x00000000ea57d4d8,0x00000000ea580000)
  to   space 35328K, 0% used [0x00000000e6580000,0x00000000e6580000,0x00000000e8800000)
 ParOldGen       total 220672K, used 62456K [0x0000000080000000, 0x000000008d780000, 0x00000000d5580000)
  object space 220672K, 28% used [0x0000000080000000,0x0000000083cfe1f8,0x000000008d780000)
 Metaspace       used 90875K, capacity 98492K, committed 98600K, reserved 1134592K
  class space    used 12450K, capacity 13766K, committed 13872K, reserved 1048576K
Event: 170.931 GC heap after
Heap after GC invocations=20 (full 3):
 PSYoungGen      total 313856K, used 35320K [0x00000000d5580000, 0x00000000edc00000, 0x0000000100000000)
  eden space 278528K, 0% used [0x00000000d5580000,0x00000000d5580000,0x00000000e6580000)
  from space 35328K, 99% used [0x00000000e6580000,0x00000000e87fe220,0x00000000e8800000)
  to   space 45056K, 0% used [0x00000000eb000000,0x00000000eb000000,0x00000000edc00000)
 ParOldGen       total 220672K, used 75148K [0x0000000080000000, 0x000000008d780000, 0x00000000d5580000)
  object space 220672K, 34% used [0x0000000080000000,0x00000000849633e8,0x000000008d780000)
 Metaspace       used 90875K, capacity 98492K, committed 98600K, reserved 1134592K
  class space    used 12450K, capacity 13766K, committed 13872K, reserved 1048576K
}
Event: 170.931 GC heap before
{Heap before GC invocations=21 (full 4):
 PSYoungGen      total 313856K, used 35320K [0x00000000d5580000, 0x00000000edc00000, 0x0000000100000000)
  eden space 278528K, 0% used [0x00000000d5580000,0x00000000d5580000,0x00000000e6580000)
  from space 35328K, 99% used [0x00000000e6580000,0x00000000e87fe220,0x00000000e8800000)
  to   space 45056K, 0% used [0x00000000eb000000,0x00000000eb000000,0x00000000edc00000)
 ParOldGen       total 220672K, used 75148K [0x0000000080000000, 0x000000008d780000, 0x00000000d5580000)
  object space 220672K, 34% used [0x0000000080000000,0x00000000849633e8,0x000000008d780000)
 Metaspace       used 90875K, capacity 98492K, committed 98600K, reserved 1134592K
  class space    used 12450K, capacity 13766K, committed 13872K, reserved 1048576K
Event: 171.093 GC heap after
Heap after GC invocations=21 (full 4):
 PSYoungGen      total 313856K, used 0K [0x00000000d5580000, 0x00000000edc00000, 0x0000000100000000)
  eden space 278528K, 0% used [0x00000000d5580000,0x00000000d5580000,0x00000000e6580000)
  from space 35328K, 0% used [0x00000000e6580000,0x00000000e6580000,0x00000000e8800000)
  to   space 45056K, 0% used [0x00000000eb000000,0x00000000eb000000,0x00000000edc00000)
 ParOldGen       total 353280K, used 88912K [0x0000000080000000, 0x0000000095900000, 0x00000000d5580000)
  object space 353280K, 25% used [0x0000000080000000,0x00000000856d4298,0x0000000095900000)
 Metaspace       used 89371K, capacity 94322K, committed 98600K, reserved 1134592K
  class space    used 11941K, capacity 12875K, committed 13872K, reserved 1048576K
}
Event: 195.426 GC heap before
{Heap before GC invocations=22 (full 4):
 PSYoungGen      total 313856K, used 278528K [0x00000000d5580000, 0x00000000edc00000, 0x0000000100000000)
  eden space 278528K, 100% used [0x00000000d5580000,0x00000000e6580000,0x00000000e6580000)
  from space 35328K, 0% used [0x00000000e6580000,0x00000000e6580000,0x00000000e8800000)
  to   space 45056K, 0% used [0x00000000eb000000,0x00000000eb000000,0x00000000edc00000)
 ParOldGen       total 353280K, used 88912K [0x0000000080000000, 0x0000000095900000, 0x00000000d5580000)
  object space 353280K, 25% used [0x0000000080000000,0x00000000856d4298,0x0000000095900000)
 Metaspace       used 92611K, capacity 98316K, committed 101400K, reserved 1136640K
  class space    used 12443K, capacity 13468K, committed 14128K, reserved 1048576K
Event: 195.437 GC heap after
Heap after GC invocations=22 (full 4):
 PSYoungGen      total 352768K, used 13723K [0x00000000d5580000, 0x00000000eda00000, 0x0000000100000000)
  eden space 309760K, 0% used [0x00000000d5580000,0x00000000d5580000,0x00000000e8400000)
  from space 43008K, 31% used [0x00000000eb000000,0x00000000ebd66ea0,0x00000000eda00000)
  to   space 44032K, 0% used [0x00000000e8400000,0x00000000e8400000,0x00000000eaf00000)
 ParOldGen       total 353280K, used 88920K [0x0000000080000000, 0x0000000095900000, 0x00000000d5580000)
  object space 353280K, 25% used [0x0000000080000000,0x00000000856d6298,0x0000000095900000)
 Metaspace       used 92611K, capacity 98316K, committed 101400K, reserved 1136640K
  class space    used 12443K, capacity 13468K, committed 14128K, reserved 1048576K
}

