# JRE version: OpenJDK Runtime Environment (8.0_242-b01) (build 1.8.0_242-release-1644-b01)
# Java VM: OpenJDK 64-Bit Server VM (25.242-b01 mixed mode windows-amd64 compressed oops)
Heap:
 PSYoungGen      total 444416K, used 158020K [0x00000000d5580000, 0x00000000f6800000, 0x0000000100000000)
  eden space 401408K, 34% used [0x00000000d5580000,0x00000000ddcc5c98,0x00000000edd80000)
  from space 43008K, 45% used [0x00000000edd80000,0x00000000ef08b588,0x00000000f0780000)
  to   space 40960K, 0% used [0x00000000f4000000,0x00000000f4000000,0x00000000f6800000)
 ParOldGen       total 357888K, used 87418K [0x0000000080000000, 0x0000000095d80000, 0x00000000d5580000)
  object space 357888K, 24% used [0x0000000080000000,0x000000008555e9a8,0x0000000095d80000)
 Metaspace       used 91407K, capacity 96118K, committed 101272K, reserved 1136640K
  class space    used 12189K, capacity 13087K, committed 14256K, reserved 1048576K
GC Heap History (10 events):
Event: 63.428 GC heap before
{Heap before GC invocations=13 (full 3):
 PSYoungGen      total 342016K, used 341993K [0x00000000d5580000, 0x00000000efd00000, 0x0000000100000000)
  eden space 317440K, 100% used [0x00000000d5580000,0x00000000e8b80000,0x00000000e8b80000)
  from space 24576K, 99% used [0x00000000e8b80000,0x00000000ea37a6f8,0x00000000ea380000)
  to   space 29696K, 0% used [0x00000000ee000000,0x00000000ee000000,0x00000000efd00000)
 ParOldGen       total 225792K, used 45521K [0x0000000080000000, 0x000000008dc80000, 0x00000000d5580000)
  object space 225792K, 20% used [0x0000000080000000,0x0000000082c74528,0x000000008dc80000)
 Metaspace       used 75946K, capacity 80062K, committed 80408K, reserved 1118208K
  class space    used 10206K, capacity 10952K, committed 11056K, reserved 1048576K
Event: 63.450 GC heap after
Heap after GC invocations=13 (full 3):
 PSYoungGen      total 393728K, used 29673K [0x00000000d5580000, 0x00000000f0300000, 0x0000000100000000)
  eden space 364032K, 0% used [0x00000000d5580000,0x00000000d5580000,0x00000000eb900000)
  from space 29696K, 99% used [0x00000000ee000000,0x00000000efcfa500,0x00000000efd00000)
  to   space 37888K, 0% used [0x00000000eb900000,0x00000000eb900000,0x00000000ede00000)
 ParOldGen       total 225792K, used 55854K [0x0000000080000000, 0x000000008dc80000, 0x00000000d5580000)
  object space 225792K, 24% used [0x0000000080000000,0x000000008368bab8,0x000000008dc80000)
 Metaspace       used 75946K, capacity 80062K, committed 80408K, reserved 1118208K
  class space    used 10206K, capacity 10952K, committed 11056K, reserved 1048576K
}
Event: 164.927 GC heap before
{Heap before GC invocations=14 (full 3):
 PSYoungGen      total 393728K, used 393705K [0x00000000d5580000, 0x00000000f0300000, 0x0000000100000000)
  eden space 364032K, 100% used [0x00000000d5580000,0x00000000eb900000,0x00000000eb900000)
  from space 29696K, 99% used [0x00000000ee000000,0x00000000efcfa500,0x00000000efd00000)
  to   space 37888K, 0% used [0x00000000eb900000,0x00000000eb900000,0x00000000ede00000)
 ParOldGen       total 225792K, used 55854K [0x0000000080000000, 0x000000008dc80000, 0x00000000d5580000)
  object space 225792K, 24% used [0x0000000080000000,0x000000008368bab8,0x000000008dc80000)
 Metaspace       used 79794K, capacity 84310K, committed 84504K, reserved 1122304K
  class space    used 10653K, capacity 11453K, committed 11568K, reserved 1048576K
Event: 164.954 GC heap after
Heap after GC invocations=14 (full 3):
 PSYoungGen      total 401920K, used 22038K [0x00000000d5580000, 0x00000000f2c00000, 0x0000000100000000)
  eden space 364032K, 0% used [0x00000000d5580000,0x00000000d5580000,0x00000000eb900000)
  from space 37888K, 58% used [0x00000000eb900000,0x00000000ece85990,0x00000000ede00000)
  to   space 37376K, 0% used [0x00000000f0780000,0x00000000f0780000,0x00000000f2c00000)
 ParOldGen       total 225792K, used 83388K [0x0000000080000000, 0x000000008dc80000, 0x00000000d5580000)
  object space 225792K, 36% used [0x0000000080000000,0x000000008516f300,0x000000008dc80000)
 Metaspace       used 79794K, capacity 84310K, committed 84504K, reserved 1122304K
  class space    used 10653K, capacity 11453K, committed 11568K, reserved 1048576K
}
Event: 166.006 GC heap before
{Heap before GC invocations=15 (full 3):
 PSYoungGen      total 401920K, used 150812K [0x00000000d5580000, 0x00000000f2c00000, 0x0000000100000000)
  eden space 364032K, 35% used [0x00000000d5580000,0x00000000dd3418e8,0x00000000eb900000)
  from space 37888K, 58% used [0x00000000eb900000,0x00000000ece85990,0x00000000ede00000)
  to   space 37376K, 0% used [0x00000000f0780000,0x00000000f0780000,0x00000000f2c00000)
 ParOldGen       total 225792K, used 83388K [0x0000000080000000, 0x000000008dc80000, 0x00000000d5580000)
  object space 225792K, 36% used [0x0000000080000000,0x000000008516f300,0x000000008dc80000)
 Metaspace       used 90547K, capacity 98546K, committed 98600K, reserved 1134592K
  class space    used 12609K, capacity 13949K, committed 14000K, reserved 1048576K
Event: 166.034 GC heap after
Heap after GC invocations=15 (full 3):
 PSYoungGen      total 438784K, used 37354K [0x00000000d5580000, 0x00000000f4280000, 0x0000000100000000)
  eden space 401408K, 0% used [0x00000000d5580000,0x00000000d5580000,0x00000000edd80000)
  from space 37376K, 99% used [0x00000000f0780000,0x00000000f2bfaa58,0x00000000f2c00000)
  to   space 43008K, 0% used [0x00000000edd80000,0x00000000edd80000,0x00000000f0780000)
 ParOldGen       total 225792K, used 83540K [0x0000000080000000, 0x000000008dc80000, 0x00000000d5580000)
  object space 225792K, 36% used [0x0000000080000000,0x0000000085195288,0x000000008dc80000)
 Metaspace       used 90547K, capacity 98546K, committed 98600K, reserved 1134592K
  class space    used 12609K, capacity 13949K, committed 14000K, reserved 1048576K
}
Event: 166.034 GC heap before
{Heap before GC invocations=16 (full 4):
 PSYoungGen      total 438784K, used 37354K [0x00000000d5580000, 0x00000000f4280000, 0x0000000100000000)
  eden space 401408K, 0% used [0x00000000d5580000,0x00000000d5580000,0x00000000edd80000)
  from space 37376K, 99% used [0x00000000f0780000,0x00000000f2bfaa58,0x00000000f2c00000)
  to   space 43008K, 0% used [0x00000000edd80000,0x00000000edd80000,0x00000000f0780000)
 ParOldGen       total 225792K, used 83540K [0x0000000080000000, 0x000000008dc80000, 0x00000000d5580000)
  object space 225792K, 36% used [0x0000000080000000,0x0000000085195288,0x000000008dc80000)
 Metaspace       used 90547K, capacity 98546K, committed 98600K, reserved 1134592K
  class space    used 12609K, capacity 13949K, committed 14000K, reserved 1048576K
Event: 166.241 GC heap after
Heap after GC invocations=16 (full 4):
 PSYoungGen      total 438784K, used 0K [0x00000000d5580000, 0x00000000f4280000, 0x0000000100000000)
  eden space 401408K, 0% used [0x00000000d5580000,0x00000000d5580000,0x00000000edd80000)
  from space 37376K, 0% used [0x00000000f0780000,0x00000000f0780000,0x00000000f2c00000)
  to   space 43008K, 0% used [0x00000000edd80000,0x00000000edd80000,0x00000000f0780000)
 ParOldGen       total 357888K, used 87410K [0x0000000080000000, 0x0000000095d80000, 0x00000000d5580000)
  object space 357888K, 24% used [0x0000000080000000,0x000000008555c9a8,0x0000000095d80000)
 Metaspace       used 88476K, capacity 92750K, committed 98600K, reserved 1134592K
  class space    used 11910K, capacity 12723K, committed 14000K, reserved 1048576K
}
Event: 888.185 GC heap before
{Heap before GC invocations=17 (full 4):
 PSYoungGen      total 438784K, used 400588K [0x00000000d5580000, 0x00000000f4280000, 0x0000000100000000)
  eden space 401408K, 99% used [0x00000000d5580000,0x00000000edcb30c0,0x00000000edd80000)
  from space 37376K, 0% used [0x00000000f0780000,0x00000000f0780000,0x00000000f2c00000)
  to   space 43008K, 0% used [0x00000000edd80000,0x00000000edd80000,0x00000000f0780000)
 ParOldGen       total 357888K, used 87410K [0x0000000080000000, 0x0000000095d80000, 0x00000000d5580000)
  object space 357888K, 24% used [0x0000000080000000,0x000000008555c9a8,0x0000000095d80000)
 Metaspace       used 90885K, capacity 95466K, committed 100888K, reserved 1136640K
  class space    used 12137K, capacity 12997K, committed 14128K, reserved 1048576K
Event: 888.201 GC heap after
Heap after GC invocations=17 (full 4):
 PSYoungGen      total 444416K, used 19501K [0x00000000d5580000, 0x00000000f6800000, 0x0000000100000000)
  eden space 401408K, 0% used [0x00000000d5580000,0x00000000d5580000,0x00000000edd80000)
  from space 43008K, 45% used [0x00000000edd80000,0x00000000ef08b588,0x00000000f0780000)
  to   space 40960K, 0% used [0x00000000f4000000,0x00000000f4000000,0x00000000f6800000)
 ParOldGen       total 357888K, used 87418K [0x0000000080000000, 0x0000000095d80000, 0x00000000d5580000)
  object space 357888K, 24% used [0x0000000080000000,0x000000008555e9a8,0x0000000095d80000)
 Metaspace       used 90885K, capacity 95466K, committed 100888K, reserved 1136640K
  class space    used 12137K, capacity 12997K, committed 14128K, reserved 1048576K
}

