# JRE version: OpenJDK Runtime Environment (8.0_242-b01) (build 1.8.0_242-release-1644-b01)
# Java VM: OpenJDK 64-Bit Server VM (25.242-b01 mixed mode windows-amd64 compressed oops)
Heap:
 PSYoungGen      total 433664K, used 400358K [0x00000000d5580000, 0x00000000f4300000, 0x0000000100000000)
  eden space 388608K, 91% used [0x00000000d5580000,0x00000000eb07f420,0x00000000ed100000)
  from space 45056K, 99% used [0x00000000f0600000,0x00000000f31fa530,0x00000000f3200000)
  to   space 54272K, 0% used [0x00000000ed100000,0x00000000ed100000,0x00000000f0600000)
 ParOldGen       total 384512K, used 128705K [0x0000000080000000, 0x0000000097780000, 0x00000000d5580000)
  object space 384512K, 33% used [0x0000000080000000,0x0000000087db0470,0x0000000097780000)
 Metaspace       used 97184K, capacity 102960K, committed 103320K, reserved 1138688K
  class space    used 12841K, capacity 13933K, committed 14000K, reserved 1048576K
GC Heap History (10 events):
Event: 20.702 GC heap before
{Heap before GC invocations=18 (full 3):
 PSYoungGen      total 316928K, used 309356K [0x00000000d5580000, 0x00000000eb580000, 0x0000000100000000)
  eden space 292864K, 100% used [0x00000000d5580000,0x00000000e7380000,0x00000000e7380000)
  from space 24064K, 68% used [0x00000000e9e00000,0x00000000eae1b340,0x00000000eb580000)
  to   space 33792K, 0% used [0x00000000e7380000,0x00000000e7380000,0x00000000e9480000)
 ParOldGen       total 215552K, used 95313K [0x0000000080000000, 0x000000008d280000, 0x00000000d5580000)
  object space 215552K, 44% used [0x0000000080000000,0x0000000085d14580,0x000000008d280000)
 Metaspace       used 89073K, capacity 94712K, committed 94872K, reserved 1130496K
  class space    used 12352K, capacity 13389K, committed 13488K, reserved 1048576K
Event: 20.725 GC heap after
Heap after GC invocations=18 (full 3):
 PSYoungGen      total 326656K, used 33762K [0x00000000d5580000, 0x00000000efe00000, 0x0000000100000000)
  eden space 292864K, 0% used [0x00000000d5580000,0x00000000d5580000,0x00000000e7380000)
  from space 33792K, 99% used [0x00000000e7380000,0x00000000e94788c8,0x00000000e9480000)
  to   space 41472K, 0% used [0x00000000ed580000,0x00000000ed580000,0x00000000efe00000)
 ParOldGen       total 215552K, used 103340K [0x0000000080000000, 0x000000008d280000, 0x00000000d5580000)
  object space 215552K, 47% used [0x0000000080000000,0x00000000864eb1e0,0x000000008d280000)
 Metaspace       used 89073K, capacity 94712K, committed 94872K, reserved 1130496K
  class space    used 12352K, capacity 13389K, committed 13488K, reserved 1048576K
}
Event: 22.057 GC heap before
{Heap before GC invocations=19 (full 3):
 PSYoungGen      total 326656K, used 297244K [0x00000000d5580000, 0x00000000efe00000, 0x0000000100000000)
  eden space 292864K, 89% used [0x00000000d5580000,0x00000000e56ceae8,0x00000000e7380000)
  from space 33792K, 99% used [0x00000000e7380000,0x00000000e94788c8,0x00000000e9480000)
  to   space 41472K, 0% used [0x00000000ed580000,0x00000000ed580000,0x00000000efe00000)
 ParOldGen       total 215552K, used 103340K [0x0000000080000000, 0x000000008d280000, 0x00000000d5580000)
  object space 215552K, 47% used [0x0000000080000000,0x00000000864eb1e0,0x000000008d280000)
 Metaspace       used 92466K, capacity 98428K, committed 98584K, reserved 1134592K
  class space    used 12652K, capacity 13771K, committed 13872K, reserved 1048576K
Event: 22.086 GC heap after
Heap after GC invocations=19 (full 3):
 PSYoungGen      total 393216K, used 24852K [0x00000000d5580000, 0x00000000f0400000, 0x0000000100000000)
  eden space 351744K, 0% used [0x00000000d5580000,0x00000000d5580000,0x00000000ead00000)
  from space 41472K, 59% used [0x00000000ed580000,0x00000000eedc5348,0x00000000efe00000)
  to   space 41472K, 0% used [0x00000000ead00000,0x00000000ead00000,0x00000000ed580000)
 ParOldGen       total 215552K, used 130599K [0x0000000080000000, 0x000000008d280000, 0x00000000d5580000)
  object space 215552K, 60% used [0x0000000080000000,0x0000000087f89de0,0x000000008d280000)
 Metaspace       used 92466K, capacity 98428K, committed 98584K, reserved 1134592K
  class space    used 12652K, capacity 13771K, committed 13872K, reserved 1048576K
}
Event: 22.086 GC heap before
{Heap before GC invocations=20 (full 4):
 PSYoungGen      total 393216K, used 24852K [0x00000000d5580000, 0x00000000f0400000, 0x0000000100000000)
  eden space 351744K, 0% used [0x00000000d5580000,0x00000000d5580000,0x00000000ead00000)
  from space 41472K, 59% used [0x00000000ed580000,0x00000000eedc5348,0x00000000efe00000)
  to   space 41472K, 0% used [0x00000000ead00000,0x00000000ead00000,0x00000000ed580000)
 ParOldGen       total 215552K, used 130599K [0x0000000080000000, 0x000000008d280000, 0x00000000d5580000)
  object space 215552K, 60% used [0x0000000080000000,0x0000000087f89de0,0x000000008d280000)
 Metaspace       used 92466K, capacity 98428K, committed 98584K, reserved 1134592K
  class space    used 12652K, capacity 13771K, committed 13872K, reserved 1048576K
Event: 22.320 GC heap after
Heap after GC invocations=20 (full 4):
 PSYoungGen      total 393216K, used 0K [0x00000000d5580000, 0x00000000f0400000, 0x0000000100000000)
  eden space 351744K, 0% used [0x00000000d5580000,0x00000000d5580000,0x00000000ead00000)
  from space 41472K, 0% used [0x00000000ed580000,0x00000000ed580000,0x00000000efe00000)
  to   space 41472K, 0% used [0x00000000ead00000,0x00000000ead00000,0x00000000ed580000)
 ParOldGen       total 384512K, used 120313K [0x0000000080000000, 0x0000000097780000, 0x00000000d5580000)
  object space 384512K, 31% used [0x0000000080000000,0x000000008757e728,0x0000000097780000)
 Metaspace       used 91847K, capacity 96640K, committed 98584K, reserved 1134592K
  class space    used 12448K, capacity 13411K, committed 13872K, reserved 1048576K
}
Event: 117.193 GC heap before
{Heap before GC invocations=21 (full 4):
 PSYoungGen      total 393216K, used 351744K [0x00000000d5580000, 0x00000000f0400000, 0x0000000100000000)
  eden space 351744K, 100% used [0x00000000d5580000,0x00000000ead00000,0x00000000ead00000)
  from space 41472K, 0% used [0x00000000ed580000,0x00000000ed580000,0x00000000efe00000)
  to   space 41472K, 0% used [0x00000000ead00000,0x00000000ead00000,0x00000000ed580000)
 ParOldGen       total 384512K, used 120313K [0x0000000080000000, 0x0000000097780000, 0x00000000d5580000)
  object space 384512K, 31% used [0x0000000080000000,0x000000008757e728,0x0000000097780000)
 Metaspace       used 96281K, capacity 101798K, committed 102296K, reserved 1138688K
  class space    used 12794K, capacity 13858K, committed 14000K, reserved 1048576K
Event: 117.214 GC heap after
Heap after GC invocations=21 (full 4):
 PSYoungGen      total 393216K, used 34505K [0x00000000d5580000, 0x00000000f3200000, 0x0000000100000000)
  eden space 351744K, 0% used [0x00000000d5580000,0x00000000d5580000,0x00000000ead00000)
  from space 41472K, 83% used [0x00000000ead00000,0x00000000eceb25b8,0x00000000ed580000)
  to   space 45056K, 0% used [0x00000000f0600000,0x00000000f0600000,0x00000000f3200000)
 ParOldGen       total 384512K, used 120321K [0x0000000080000000, 0x0000000097780000, 0x00000000d5580000)
  object space 384512K, 31% used [0x0000000080000000,0x0000000087580728,0x0000000097780000)
 Metaspace       used 96281K, capacity 101798K, committed 102296K, reserved 1138688K
  class space    used 12794K, capacity 13858K, committed 14000K, reserved 1048576K
}
Event: 120.269 GC heap before
{Heap before GC invocations=22 (full 4):
 PSYoungGen      total 393216K, used 386203K [0x00000000d5580000, 0x00000000f3200000, 0x0000000100000000)
  eden space 351744K, 99% used [0x00000000d5580000,0x00000000eacf48d0,0x00000000ead00000)
  from space 41472K, 83% used [0x00000000ead00000,0x00000000eceb25b8,0x00000000ed580000)
  to   space 45056K, 0% used [0x00000000f0600000,0x00000000f0600000,0x00000000f3200000)
 ParOldGen       total 384512K, used 120321K [0x0000000080000000, 0x0000000097780000, 0x00000000d5580000)
  object space 384512K, 31% used [0x0000000080000000,0x0000000087580728,0x0000000097780000)
 Metaspace       used 96628K, capacity 102384K, committed 102808K, reserved 1138688K
  class space    used 12825K, capacity 13913K, committed 14000K, reserved 1048576K
Event: 120.299 GC heap after
Heap after GC invocations=22 (full 4):
 PSYoungGen      total 433664K, used 45033K [0x00000000d5580000, 0x00000000f4300000, 0x0000000100000000)
  eden space 388608K, 0% used [0x00000000d5580000,0x00000000d5580000,0x00000000ed100000)
  from space 45056K, 99% used [0x00000000f0600000,0x00000000f31fa530,0x00000000f3200000)
  to   space 54272K, 0% used [0x00000000ed100000,0x00000000ed100000,0x00000000f0600000)
 ParOldGen       total 384512K, used 128705K [0x0000000080000000, 0x0000000097780000, 0x00000000d5580000)
  object space 384512K, 33% used [0x0000000080000000,0x0000000087db0470,0x0000000097780000)
 Metaspace       used 96628K, capacity 102384K, committed 102808K, reserved 1138688K
  class space    used 12825K, capacity 13913K, committed 14000K, reserved 1048576K
}

