# JRE version: OpenJDK Runtime Environment (8.0_242-b01) (build 1.8.0_242-release-1644-b01)
# Java VM: OpenJDK 64-Bit Server VM (25.242-b01 mixed mode windows-amd64 compressed oops)
Heap:
 PSYoungGen      total 431104K, used 101842K [0x00000000d5580000, 0x00000000f2000000, 0x0000000100000000)
  eden space 392704K, 18% used [0x00000000d5580000,0x00000000d9d152a8,0x00000000ed500000)
  from space 38400K, 74% used [0x00000000ed500000,0x00000000ef0df680,0x00000000efa80000)
  to   space 30208K, 0% used [0x00000000efe80000,0x00000000efe80000,0x00000000f1c00000)
 ParOldGen       total 211456K, used 85773K [0x0000000080000000, 0x000000008ce80000, 0x00000000d5580000)
  object space 211456K, 40% used [0x0000000080000000,0x00000000853c3650,0x000000008ce80000)
 Metaspace       used 90551K, capacity 97738K, committed 97944K, reserved 1134592K
  class space    used 12510K, capacity 13729K, committed 13744K, reserved 1048576K
GC Heap History (10 events):
Event: 6.206 GC heap before
{Heap before GC invocations=10 (full 2):
 PSYoungGen      total 239104K, used 174584K [0x00000000d5580000, 0x00000000ec700000, 0x0000000100000000)
  eden space 223744K, 71% used [0x00000000d5580000,0x00000000df102d90,0x00000000e3000000)
  from space 15360K, 99% used [0x00000000e3000000,0x00000000e3efb5f8,0x00000000e3f00000)
  to   space 17920K, 0% used [0x00000000eb580000,0x00000000eb580000,0x00000000ec700000)
 ParOldGen       total 136704K, used 16182K [0x0000000080000000, 0x0000000088580000, 0x00000000d5580000)
  object space 136704K, 11% used [0x0000000080000000,0x0000000080fcda40,0x0000000088580000)
 Metaspace       used 56761K, capacity 59058K, committed 59160K, reserved 1099776K
  class space    used 7685K, capacity 8182K, committed 8240K, reserved 1048576K
Event: 6.224 GC heap after
Heap after GC invocations=10 (full 2):
 PSYoungGen      total 353792K, used 17916K [0x00000000d5580000, 0x00000000ecd80000, 0x0000000100000000)
  eden space 335872K, 0% used [0x00000000d5580000,0x00000000d5580000,0x00000000e9d80000)
  from space 17920K, 99% used [0x00000000eb580000,0x00000000ec6ff330,0x00000000ec700000)
  to   space 24576K, 0% used [0x00000000e9d80000,0x00000000e9d80000,0x00000000eb580000)
 ParOldGen       total 136704K, used 26364K [0x0000000080000000, 0x0000000088580000, 0x00000000d5580000)
  object space 136704K, 19% used [0x0000000080000000,0x00000000819bf2f8,0x0000000088580000)
 Metaspace       used 56761K, capacity 59058K, committed 59160K, reserved 1099776K
  class space    used 7685K, capacity 8182K, committed 8240K, reserved 1048576K
}
Event: 6.224 GC heap before
{Heap before GC invocations=11 (full 3):
 PSYoungGen      total 353792K, used 17916K [0x00000000d5580000, 0x00000000ecd80000, 0x0000000100000000)
  eden space 335872K, 0% used [0x00000000d5580000,0x00000000d5580000,0x00000000e9d80000)
  from space 17920K, 99% used [0x00000000eb580000,0x00000000ec6ff330,0x00000000ec700000)
  to   space 24576K, 0% used [0x00000000e9d80000,0x00000000e9d80000,0x00000000eb580000)
 ParOldGen       total 136704K, used 26364K [0x0000000080000000, 0x0000000088580000, 0x00000000d5580000)
  object space 136704K, 19% used [0x0000000080000000,0x00000000819bf2f8,0x0000000088580000)
 Metaspace       used 56761K, capacity 59058K, committed 59160K, reserved 1099776K
  class space    used 7685K, capacity 8182K, committed 8240K, reserved 1048576K
Event: 6.399 GC heap after
Heap after GC invocations=11 (full 3):
 PSYoungGen      total 353792K, used 0K [0x00000000d5580000, 0x00000000ecd80000, 0x0000000100000000)
  eden space 335872K, 0% used [0x00000000d5580000,0x00000000d5580000,0x00000000e9d80000)
  from space 17920K, 0% used [0x00000000eb580000,0x00000000eb580000,0x00000000ec700000)
  to   space 24576K, 0% used [0x00000000e9d80000,0x00000000e9d80000,0x00000000eb580000)
 ParOldGen       total 211456K, used 41226K [0x0000000080000000, 0x000000008ce80000, 0x00000000d5580000)
  object space 211456K, 19% used [0x0000000080000000,0x0000000082842878,0x000000008ce80000)
 Metaspace       used 56687K, capacity 58806K, committed 59160K, reserved 1099776K
  class space    used 7662K, capacity 8140K, committed 8240K, reserved 1048576K
}
Event: 8.305 GC heap before
{Heap before GC invocations=12 (full 3):
 PSYoungGen      total 353792K, used 335872K [0x00000000d5580000, 0x00000000ecd80000, 0x0000000100000000)
  eden space 335872K, 100% used [0x00000000d5580000,0x00000000e9d80000,0x00000000e9d80000)
  from space 17920K, 0% used [0x00000000eb580000,0x00000000eb580000,0x00000000ec700000)
  to   space 24576K, 0% used [0x00000000e9d80000,0x00000000e9d80000,0x00000000eb580000)
 ParOldGen       total 211456K, used 41226K [0x0000000080000000, 0x000000008ce80000, 0x00000000d5580000)
  object space 211456K, 19% used [0x0000000080000000,0x0000000082842878,0x000000008ce80000)
 Metaspace       used 67917K, capacity 71698K, committed 71960K, reserved 1112064K
  class space    used 9312K, capacity 10002K, committed 10032K, reserved 1048576K
Event: 8.325 GC heap after
Heap after GC invocations=12 (full 3):
 PSYoungGen      total 360448K, used 24568K [0x00000000d5580000, 0x00000000f1c00000, 0x0000000100000000)
  eden space 335872K, 0% used [0x00000000d5580000,0x00000000d5580000,0x00000000e9d80000)
  from space 24576K, 99% used [0x00000000e9d80000,0x00000000eb57e0e8,0x00000000eb580000)
  to   space 30208K, 0% used [0x00000000efe80000,0x00000000efe80000,0x00000000f1c00000)
 ParOldGen       total 211456K, used 46072K [0x0000000080000000, 0x000000008ce80000, 0x00000000d5580000)
  object space 211456K, 21% used [0x0000000080000000,0x0000000082cfe230,0x000000008ce80000)
 Metaspace       used 67917K, capacity 71698K, committed 71960K, reserved 1112064K
  class space    used 9312K, capacity 10002K, committed 10032K, reserved 1048576K
}
Event: 684.258 GC heap before
{Heap before GC invocations=13 (full 3):
 PSYoungGen      total 360448K, used 360440K [0x00000000d5580000, 0x00000000f1c00000, 0x0000000100000000)
  eden space 335872K, 100% used [0x00000000d5580000,0x00000000e9d80000,0x00000000e9d80000)
  from space 24576K, 99% used [0x00000000e9d80000,0x00000000eb57e0e8,0x00000000eb580000)
  to   space 30208K, 0% used [0x00000000efe80000,0x00000000efe80000,0x00000000f1c00000)
 ParOldGen       total 211456K, used 46072K [0x0000000080000000, 0x000000008ce80000, 0x00000000d5580000)
  object space 211456K, 21% used [0x0000000080000000,0x0000000082cfe230,0x000000008ce80000)
 Metaspace       used 76247K, capacity 80248K, committed 80280K, reserved 1118208K
  class space    used 10182K, capacity 10923K, committed 10928K, reserved 1048576K
Event: 684.282 GC heap after
Heap after GC invocations=13 (full 3):
 PSYoungGen      total 422912K, used 30184K [0x00000000d5580000, 0x00000000f2000000, 0x0000000100000000)
  eden space 392704K, 0% used [0x00000000d5580000,0x00000000d5580000,0x00000000ed500000)
  from space 30208K, 99% used [0x00000000efe80000,0x00000000f1bfa070,0x00000000f1c00000)
  to   space 38400K, 0% used [0x00000000ed500000,0x00000000ed500000,0x00000000efa80000)
 ParOldGen       total 211456K, used 57107K [0x0000000080000000, 0x000000008ce80000, 0x00000000d5580000)
  object space 211456K, 27% used [0x0000000080000000,0x00000000837c4f60,0x000000008ce80000)
 Metaspace       used 76247K, capacity 80248K, committed 80280K, reserved 1118208K
  class space    used 10182K, capacity 10923K, committed 10928K, reserved 1048576K
}
Event: 692.380 GC heap before
{Heap before GC invocations=14 (full 3):
 PSYoungGen      total 422912K, used 422888K [0x00000000d5580000, 0x00000000f2000000, 0x0000000100000000)
  eden space 392704K, 100% used [0x00000000d5580000,0x00000000ed500000,0x00000000ed500000)
  from space 30208K, 99% used [0x00000000efe80000,0x00000000f1bfa070,0x00000000f1c00000)
  to   space 38400K, 0% used [0x00000000ed500000,0x00000000ed500000,0x00000000efa80000)
 ParOldGen       total 211456K, used 57107K [0x0000000080000000, 0x000000008ce80000, 0x00000000d5580000)
  object space 211456K, 27% used [0x0000000080000000,0x00000000837c4f60,0x000000008ce80000)
 Metaspace       used 87740K, capacity 93568K, committed 93720K, reserved 1130496K
  class space    used 12014K, capacity 13104K, committed 13104K, reserved 1048576K
Event: 692.407 GC heap after
Heap after GC invocations=14 (full 3):
 PSYoungGen      total 431104K, used 28541K [0x00000000d5580000, 0x00000000f2000000, 0x0000000100000000)
  eden space 392704K, 0% used [0x00000000d5580000,0x00000000d5580000,0x00000000ed500000)
  from space 38400K, 74% used [0x00000000ed500000,0x00000000ef0df680,0x00000000efa80000)
  to   space 30208K, 0% used [0x00000000efe80000,0x00000000efe80000,0x00000000f1c00000)
 ParOldGen       total 211456K, used 85773K [0x0000000080000000, 0x000000008ce80000, 0x00000000d5580000)
  object space 211456K, 40% used [0x0000000080000000,0x00000000853c3650,0x000000008ce80000)
 Metaspace       used 87740K, capacity 93568K, committed 93720K, reserved 1130496K
  class space    used 12014K, capacity 13104K, committed 13104K, reserved 1048576K
}

