# JRE version: OpenJDK Runtime Environment (8.0_242-b01) (build 1.8.0_242-release-1644-b01)
# Java VM: OpenJDK 64-Bit Server VM (25.242-b01 mixed mode windows-amd64 compressed oops)
Heap:
 PSYoungGen      total 495616K, used 86308K [0x00000000d5580000, 0x00000000fd600000, 0x0000000100000000)
  eden space 442368K, 7% used [0x00000000d5580000,0x00000000d75ce790,0x00000000f0580000)
  from space 53248K, 99% used [0x00000000f0580000,0x00000000f397a928,0x00000000f3980000)
  to   space 62976K, 0% used [0x00000000f9880000,0x00000000f9880000,0x00000000fd600000)
 ParOldGen       total 321024K, used 63117K [0x0000000080000000, 0x0000000093980000, 0x00000000d5580000)
  object space 321024K, 19% used [0x0000000080000000,0x0000000083da3670,0x0000000093980000)
 Metaspace       used 108279K, capacity 113232K, committed 115480K, reserved 1148928K
  class space    used 13953K, capacity 14917K, committed 15408K, reserved 1048576K
GC Heap History (10 events):
Event: 8.262 GC heap before
{Heap before GC invocations=13 (full 3):
 PSYoungGen      total 348672K, used 348648K [0x00000000d5580000, 0x00000000f1480000, 0x0000000100000000)
  eden space 324096K, 100% used [0x00000000d5580000,0x00000000e9200000,0x00000000e9200000)
  from space 24576K, 99% used [0x00000000e9200000,0x00000000ea9fa030,0x00000000eaa00000)
  to   space 35840K, 0% used [0x00000000ef180000,0x00000000ef180000,0x00000000f1480000)
 ParOldGen       total 220160K, used 60624K [0x0000000080000000, 0x000000008d700000, 0x00000000d5580000)
  object space 220160K, 27% used [0x0000000080000000,0x0000000083b34188,0x000000008d700000)
 Metaspace       used 75725K, capacity 80102K, committed 80280K, reserved 1118208K
  class space    used 10352K, capacity 11179K, committed 11184K, reserved 1048576K
Event: 8.286 GC heap after
Heap after GC invocations=13 (full 3):
 PSYoungGen      total 412672K, used 35832K [0x00000000d5580000, 0x00000000f2500000, 0x0000000100000000)
  eden space 376832K, 0% used [0x00000000d5580000,0x00000000d5580000,0x00000000ec580000)
  from space 35840K, 99% used [0x00000000ef180000,0x00000000f147e080,0x00000000f1480000)
  to   space 45056K, 0% used [0x00000000ec580000,0x00000000ec580000,0x00000000ef180000)
 ParOldGen       total 220160K, used 71661K [0x0000000080000000, 0x000000008d700000, 0x00000000d5580000)
  object space 220160K, 32% used [0x0000000080000000,0x00000000845fb438,0x000000008d700000)
 Metaspace       used 75725K, capacity 80102K, committed 80280K, reserved 1118208K
  class space    used 10352K, capacity 11179K, committed 11184K, reserved 1048576K
}
Event: 9.577 GC heap before
{Heap before GC invocations=14 (full 3):
 PSYoungGen      total 412672K, used 412664K [0x00000000d5580000, 0x00000000f2500000, 0x0000000100000000)
  eden space 376832K, 100% used [0x00000000d5580000,0x00000000ec580000,0x00000000ec580000)
  from space 35840K, 99% used [0x00000000ef180000,0x00000000f147e080,0x00000000f1480000)
  to   space 45056K, 0% used [0x00000000ec580000,0x00000000ec580000,0x00000000ef180000)
 ParOldGen       total 220160K, used 71661K [0x0000000080000000, 0x000000008d700000, 0x00000000d5580000)
  object space 220160K, 32% used [0x0000000080000000,0x00000000845fb438,0x000000008d700000)
 Metaspace       used 80656K, capacity 85586K, committed 85784K, reserved 1122304K
  class space    used 11172K, capacity 12069K, committed 12080K, reserved 1048576K
Event: 9.621 GC heap after
Heap after GC invocations=14 (full 3):
 PSYoungGen      total 421888K, used 42539K [0x00000000d5580000, 0x00000000f7700000, 0x0000000100000000)
  eden space 376832K, 0% used [0x00000000d5580000,0x00000000d5580000,0x00000000ec580000)
  from space 45056K, 94% used [0x00000000ec580000,0x00000000eef0add0,0x00000000ef180000)
  to   space 51200K, 0% used [0x00000000f4500000,0x00000000f4500000,0x00000000f7700000)
 ParOldGen       total 220160K, used 102551K [0x0000000080000000, 0x000000008d700000, 0x00000000d5580000)
  object space 220160K, 46% used [0x0000000080000000,0x0000000086425da0,0x000000008d700000)
 Metaspace       used 80656K, capacity 85586K, committed 85784K, reserved 1122304K
  class space    used 11172K, capacity 12069K, committed 12080K, reserved 1048576K
}
Event: 2583.493 GC heap before
{Heap before GC invocations=15 (full 3):
 PSYoungGen      total 421888K, used 352055K [0x00000000d5580000, 0x00000000f7700000, 0x0000000100000000)
  eden space 376832K, 82% used [0x00000000d5580000,0x00000000e83c30f0,0x00000000ec580000)
  from space 45056K, 94% used [0x00000000ec580000,0x00000000eef0add0,0x00000000ef180000)
  to   space 51200K, 0% used [0x00000000f4500000,0x00000000f4500000,0x00000000f7700000)
 ParOldGen       total 220160K, used 102551K [0x0000000080000000, 0x000000008d700000, 0x00000000d5580000)
  object space 220160K, 46% used [0x0000000080000000,0x0000000086425da0,0x000000008d700000)
 Metaspace       used 92357K, capacity 98572K, committed 98600K, reserved 1134592K
  class space    used 12465K, capacity 13596K, committed 13616K, reserved 1048576K
Event: 2583.518 GC heap after
Heap after GC invocations=15 (full 3):
 PSYoungGen      total 483840K, used 35176K [0x00000000d5580000, 0x00000000f6d80000, 0x0000000100000000)
  eden space 442368K, 0% used [0x00000000d5580000,0x00000000d5580000,0x00000000f0580000)
  from space 41472K, 84% used [0x00000000f4500000,0x00000000f675a200,0x00000000f6d80000)
  to   space 53248K, 0% used [0x00000000f0580000,0x00000000f0580000,0x00000000f3980000)
 ParOldGen       total 220160K, used 102567K [0x0000000080000000, 0x000000008d700000, 0x00000000d5580000)
  object space 220160K, 46% used [0x0000000080000000,0x0000000086429da0,0x000000008d700000)
 Metaspace       used 92357K, capacity 98572K, committed 98600K, reserved 1134592K
  class space    used 12465K, capacity 13596K, committed 13616K, reserved 1048576K
}
Event: 2583.518 GC heap before
{Heap before GC invocations=16 (full 4):
 PSYoungGen      total 483840K, used 35176K [0x00000000d5580000, 0x00000000f6d80000, 0x0000000100000000)
  eden space 442368K, 0% used [0x00000000d5580000,0x00000000d5580000,0x00000000f0580000)
  from space 41472K, 84% used [0x00000000f4500000,0x00000000f675a200,0x00000000f6d80000)
  to   space 53248K, 0% used [0x00000000f0580000,0x00000000f0580000,0x00000000f3980000)
 ParOldGen       total 220160K, used 102567K [0x0000000080000000, 0x000000008d700000, 0x00000000d5580000)
  object space 220160K, 46% used [0x0000000080000000,0x0000000086429da0,0x000000008d700000)
 Metaspace       used 92357K, capacity 98572K, committed 98600K, reserved 1134592K
  class space    used 12465K, capacity 13596K, committed 13616K, reserved 1048576K
Event: 2583.659 GC heap after
Heap after GC invocations=16 (full 4):
 PSYoungGen      total 483840K, used 0K [0x00000000d5580000, 0x00000000f6d80000, 0x0000000100000000)
  eden space 442368K, 0% used [0x00000000d5580000,0x00000000d5580000,0x00000000f0580000)
  from space 41472K, 0% used [0x00000000f4500000,0x00000000f4500000,0x00000000f6d80000)
  to   space 53248K, 0% used [0x00000000f0580000,0x00000000f0580000,0x00000000f3980000)
 ParOldGen       total 321024K, used 58987K [0x0000000080000000, 0x0000000093980000, 0x00000000d5580000)
  object space 321024K, 18% used [0x0000000080000000,0x000000008399aea8,0x0000000093980000)
 Metaspace       used 91073K, capacity 95468K, committed 98600K, reserved 1134592K
  class space    used 12117K, capacity 12975K, committed 13616K, reserved 1048576K
}
Event: 2586.912 GC heap before
{Heap before GC invocations=17 (full 4):
 PSYoungGen      total 483840K, used 442368K [0x00000000d5580000, 0x00000000f6d80000, 0x0000000100000000)
  eden space 442368K, 100% used [0x00000000d5580000,0x00000000f0580000,0x00000000f0580000)
  from space 41472K, 0% used [0x00000000f4500000,0x00000000f4500000,0x00000000f6d80000)
  to   space 53248K, 0% used [0x00000000f0580000,0x00000000f0580000,0x00000000f3980000)
 ParOldGen       total 321024K, used 58987K [0x0000000080000000, 0x0000000093980000, 0x00000000d5580000)
  object space 321024K, 18% used [0x0000000080000000,0x000000008399aea8,0x0000000093980000)
 Metaspace       used 104589K, capacity 109512K, committed 112024K, reserved 1146880K
  class space    used 13511K, capacity 14467K, committed 15024K, reserved 1048576K
Event: 2586.948 GC heap after
Heap after GC invocations=17 (full 4):
 PSYoungGen      total 495616K, used 53226K [0x00000000d5580000, 0x00000000fd600000, 0x0000000100000000)
  eden space 442368K, 0% used [0x00000000d5580000,0x00000000d5580000,0x00000000f0580000)
  from space 53248K, 99% used [0x00000000f0580000,0x00000000f397a928,0x00000000f3980000)
  to   space 62976K, 0% used [0x00000000f9880000,0x00000000f9880000,0x00000000fd600000)
 ParOldGen       total 321024K, used 63117K [0x0000000080000000, 0x0000000093980000, 0x00000000d5580000)
  object space 321024K, 19% used [0x0000000080000000,0x0000000083da3670,0x0000000093980000)
 Metaspace       used 104589K, capacity 109512K, committed 112024K, reserved 1146880K
  class space    used 13511K, capacity 14467K, committed 15024K, reserved 1048576K
}

