# JRE version: OpenJDK Runtime Environment (8.0_242-b01) (build 1.8.0_242-release-1644-b01)
# Java VM: OpenJDK 64-Bit Server VM (25.242-b01 mixed mode windows-amd64 compressed oops)
Heap:
 PSYoungGen      total 589312K, used 147624K [0x00000000d5580000, 0x0000000100000000, 0x0000000100000000)
  eden space 497152K, 13% used [0x00000000d5580000,0x00000000d9617d60,0x00000000f3b00000)
  from space 92160K, 88% used [0x00000000fa100000,0x00000000ff092578,0x00000000ffb00000)
  to   space 100864K, 0% used [0x00000000f3b00000,0x00000000f3b00000,0x00000000f9d80000)
 ParOldGen       total 593408K, used 324106K [0x0000000080000000, 0x00000000a4380000, 0x00000000d5580000)
  object space 593408K, 54% used [0x0000000080000000,0x0000000093c82ba0,0x00000000a4380000)
 Metaspace       used 159505K, capacity 170962K, committed 171480K, reserved 1198080K
  class space    used 19680K, capacity 21600K, committed 22016K, reserved 1048576K
GC Heap History (10 events):
Event: 5105.237 GC heap before
{Heap before GC invocations=95 (full 7):
 PSYoungGen      total 589312K, used 532325K [0x00000000d5580000, 0x00000000ffa00000, 0x0000000100000000)
  eden space 492544K, 100% used [0x00000000d5580000,0x00000000f3680000,0x00000000f3680000)
  from space 96768K, 41% used [0x00000000f3680000,0x00000000f5d59458,0x00000000f9500000)
  to   space 91136K, 0% used [0x00000000fa100000,0x00000000fa100000,0x00000000ffa00000)
 ParOldGen       total 593408K, used 324066K [0x0000000080000000, 0x00000000a4380000, 0x00000000d5580000)
  object space 593408K, 54% used [0x0000000080000000,0x0000000093c78ba0,0x00000000a4380000)
 Metaspace       used 158137K, capacity 168054K, committed 170200K, reserved 1198080K
  class space    used 19452K, capacity 21182K, committed 21760K, reserved 1048576K
Event: 5105.258 GC heap after
Heap after GC invocations=95 (full 7):
 PSYoungGen      total 599552K, used 48736K [0x00000000d5580000, 0x00000000ff780000, 0x0000000100000000)
  eden space 510976K, 0% used [0x00000000d5580000,0x00000000d5580000,0x00000000f4880000)
  from space 88576K, 55% used [0x00000000fa100000,0x00000000fd098070,0x00000000ff780000)
  to   space 89600K, 0% used [0x00000000f4880000,0x00000000f4880000,0x00000000fa000000)
 ParOldGen       total 593408K, used 324074K [0x0000000080000000, 0x00000000a4380000, 0x00000000d5580000)
  object space 593408K, 54% used [0x0000000080000000,0x0000000093c7aba0,0x00000000a4380000)
 Metaspace       used 158137K, capacity 168054K, committed 170200K, reserved 1198080K
  class space    used 19452K, capacity 21182K, committed 21760K, reserved 1048576K
}
Event: 5107.042 GC heap before
{Heap before GC invocations=96 (full 7):
 PSYoungGen      total 599552K, used 559712K [0x00000000d5580000, 0x00000000ff780000, 0x0000000100000000)
  eden space 510976K, 100% used [0x00000000d5580000,0x00000000f4880000,0x00000000f4880000)
  from space 88576K, 55% used [0x00000000fa100000,0x00000000fd098070,0x00000000ff780000)
  to   space 89600K, 0% used [0x00000000f4880000,0x00000000f4880000,0x00000000fa000000)
 ParOldGen       total 593408K, used 324074K [0x0000000080000000, 0x00000000a4380000, 0x00000000d5580000)
  object space 593408K, 54% used [0x0000000080000000,0x0000000093c7aba0,0x00000000a4380000)
 Metaspace       used 158244K, capacity 168188K, committed 170200K, reserved 1198080K
  class space    used 19458K, capacity 21193K, committed 21760K, reserved 1048576K
Event: 5107.075 GC heap after
Heap after GC invocations=96 (full 7):
 PSYoungGen      total 600576K, used 64468K [0x00000000d5580000, 0x0000000100000000, 0x0000000100000000)
  eden space 510976K, 0% used [0x00000000d5580000,0x00000000d5580000,0x00000000f4880000)
  from space 89600K, 71% used [0x00000000f4880000,0x00000000f8775360,0x00000000fa000000)
  to   space 94208K, 0% used [0x00000000fa400000,0x00000000fa400000,0x0000000100000000)
 ParOldGen       total 593408K, used 324082K [0x0000000080000000, 0x00000000a4380000, 0x00000000d5580000)
  object space 593408K, 54% used [0x0000000080000000,0x0000000093c7cba0,0x00000000a4380000)
 Metaspace       used 158244K, capacity 168188K, committed 170200K, reserved 1198080K
  class space    used 19458K, capacity 21193K, committed 21760K, reserved 1048576K
}
Event: 5132.283 GC heap before
{Heap before GC invocations=97 (full 7):
 PSYoungGen      total 600576K, used 575444K [0x00000000d5580000, 0x0000000100000000, 0x0000000100000000)
  eden space 510976K, 100% used [0x00000000d5580000,0x00000000f4880000,0x00000000f4880000)
  from space 89600K, 71% used [0x00000000f4880000,0x00000000f8775360,0x00000000fa000000)
  to   space 94208K, 0% used [0x00000000fa400000,0x00000000fa400000,0x0000000100000000)
 ParOldGen       total 593408K, used 324082K [0x0000000080000000, 0x00000000a4380000, 0x00000000d5580000)
  object space 593408K, 54% used [0x0000000080000000,0x0000000093c7cba0,0x00000000a4380000)
 Metaspace       used 159185K, capacity 170278K, committed 170840K, reserved 1198080K
  class space    used 19641K, capacity 21530K, committed 21888K, reserved 1048576K
Event: 5132.318 GC heap after
Heap after GC invocations=97 (full 7):
 PSYoungGen      total 602624K, used 59939K [0x00000000d5580000, 0x0000000100000000, 0x0000000100000000)
  eden space 508416K, 0% used [0x00000000d5580000,0x00000000d5580000,0x00000000f4600000)
  from space 94208K, 63% used [0x00000000fa400000,0x00000000fde88ca0,0x0000000100000000)
  to   space 95232K, 0% used [0x00000000f4600000,0x00000000f4600000,0x00000000fa300000)
 ParOldGen       total 593408K, used 324090K [0x0000000080000000, 0x00000000a4380000, 0x00000000d5580000)
  object space 593408K, 54% used [0x0000000080000000,0x0000000093c7eba0,0x00000000a4380000)
 Metaspace       used 159185K, capacity 170278K, committed 170840K, reserved 1198080K
  class space    used 19641K, capacity 21530K, committed 21888K, reserved 1048576K
}
Event: 5181.460 GC heap before
{Heap before GC invocations=98 (full 7):
 PSYoungGen      total 602624K, used 568355K [0x00000000d5580000, 0x0000000100000000, 0x0000000100000000)
  eden space 508416K, 100% used [0x00000000d5580000,0x00000000f4600000,0x00000000f4600000)
  from space 94208K, 63% used [0x00000000fa400000,0x00000000fde88ca0,0x0000000100000000)
  to   space 95232K, 0% used [0x00000000f4600000,0x00000000f4600000,0x00000000fa300000)
 ParOldGen       total 593408K, used 324090K [0x0000000080000000, 0x00000000a4380000, 0x00000000d5580000)
  object space 593408K, 54% used [0x0000000080000000,0x0000000093c7eba0,0x00000000a4380000)
 Metaspace       used 159338K, capacity 170714K, committed 171096K, reserved 1198080K
  class space    used 19663K, capacity 21570K, committed 21888K, reserved 1048576K
Event: 5181.480 GC heap after
Heap after GC invocations=98 (full 7):
 PSYoungGen      total 557056K, used 48592K [0x00000000d5580000, 0x00000000ffb00000, 0x0000000100000000)
  eden space 508416K, 0% used [0x00000000d5580000,0x00000000d5580000,0x00000000f4600000)
  from space 48640K, 99% used [0x00000000f4600000,0x00000000f75740b0,0x00000000f7580000)
  to   space 92160K, 0% used [0x00000000fa100000,0x00000000fa100000,0x00000000ffb00000)
 ParOldGen       total 593408K, used 324098K [0x0000000080000000, 0x00000000a4380000, 0x00000000d5580000)
  object space 593408K, 54% used [0x0000000080000000,0x0000000093c80ba0,0x00000000a4380000)
 Metaspace       used 159338K, capacity 170714K, committed 171096K, reserved 1198080K
  class space    used 19663K, capacity 21570K, committed 21888K, reserved 1048576K
}
Event: 5183.301 GC heap before
{Heap before GC invocations=99 (full 7):
 PSYoungGen      total 557056K, used 557008K [0x00000000d5580000, 0x00000000ffb00000, 0x0000000100000000)
  eden space 508416K, 100% used [0x00000000d5580000,0x00000000f4600000,0x00000000f4600000)
  from space 48640K, 99% used [0x00000000f4600000,0x00000000f75740b0,0x00000000f7580000)
  to   space 92160K, 0% used [0x00000000fa100000,0x00000000fa100000,0x00000000ffb00000)
 ParOldGen       total 593408K, used 324098K [0x0000000080000000, 0x00000000a4380000, 0x00000000d5580000)
  object space 593408K, 54% used [0x0000000080000000,0x0000000093c80ba0,0x00000000a4380000)
 Metaspace       used 159503K, capacity 170962K, committed 171480K, reserved 1198080K
  class space    used 19680K, capacity 21600K, committed 22016K, reserved 1048576K
Event: 5183.335 GC heap after
Heap after GC invocations=99 (full 7):
 PSYoungGen      total 589312K, used 81481K [0x00000000d5580000, 0x0000000100000000, 0x0000000100000000)
  eden space 497152K, 0% used [0x00000000d5580000,0x00000000d5580000,0x00000000f3b00000)
  from space 92160K, 88% used [0x00000000fa100000,0x00000000ff092578,0x00000000ffb00000)
  to   space 100864K, 0% used [0x00000000f3b00000,0x00000000f3b00000,0x00000000f9d80000)
 ParOldGen       total 593408K, used 324106K [0x0000000080000000, 0x00000000a4380000, 0x00000000d5580000)
  object space 593408K, 54% used [0x0000000080000000,0x0000000093c82ba0,0x00000000a4380000)
 Metaspace       used 159503K, capacity 170962K, committed 171480K, reserved 1198080K
  class space    used 19680K, capacity 21600K, committed 22016K, reserved 1048576K
}

