# JRE version: OpenJDK Runtime Environment (8.0_242-b01) (build 1.8.0_242-release-1644-b01)
# Java VM: OpenJDK 64-Bit Server VM (25.242-b01 mixed mode windows-amd64 compressed oops)
Heap:
 PSYoungGen      total 326656K, used 206226K [0x00000000d5580000, 0x00000000ebb80000, 0x0000000100000000)
  eden space 300032K, 59% used [0x00000000d5580000,0x00000000e0523498,0x00000000e7a80000)
  from space 26624K, 99% used [0x00000000e8400000,0x00000000e9dc16e0,0x00000000e9e00000)
  to   space 30208K, 0% used [0x00000000e9e00000,0x00000000e9e00000,0x00000000ebb80000)
 ParOldGen       total 212480K, used 74002K [0x0000000080000000, 0x000000008cf80000, 0x00000000d5580000)
  object space 212480K, 34% used [0x0000000080000000,0x0000000084844a50,0x000000008cf80000)
 Metaspace       used 81356K, capacity 86206K, committed 86296K, reserved 1124352K
  class space    used 10692K, capacity 11509K, committed 11568K, reserved 1048576K
GC Heap History (10 events):
Event: 176.129 GC heap before
{Heap before GC invocations=16 (full 3):
 PSYoungGen      total 274432K, used 266464K [0x00000000d5580000, 0x00000000e7980000, 0x0000000100000000)
  eden space 250368K, 100% used [0x00000000d5580000,0x00000000e4a00000,0x00000000e4a00000)
  from space 24064K, 66% used [0x00000000e6180000,0x00000000e7138190,0x00000000e7900000)
  to   space 24064K, 0% used [0x00000000e4a00000,0x00000000e4a00000,0x00000000e6180000)
 ParOldGen       total 212480K, used 48889K [0x0000000080000000, 0x000000008cf80000, 0x00000000d5580000)
  object space 212480K, 23% used [0x0000000080000000,0x0000000082fbe640,0x000000008cf80000)
 Metaspace       used 76247K, capacity 80226K, committed 80408K, reserved 1118208K
  class space    used 10197K, capacity 10935K, committed 11056K, reserved 1048576K
Event: 176.148 GC heap after
Heap after GC invocations=16 (full 3):
 PSYoungGen      total 274432K, used 24034K [0x00000000d5580000, 0x00000000ea700000, 0x0000000100000000)
  eden space 250368K, 0% used [0x00000000d5580000,0x00000000d5580000,0x00000000e4a00000)
  from space 24064K, 99% used [0x00000000e4a00000,0x00000000e6178910,0x00000000e6180000)
  to   space 28672K, 0% used [0x00000000e8b00000,0x00000000e8b00000,0x00000000ea700000)
 ParOldGen       total 212480K, used 52756K [0x0000000080000000, 0x000000008cf80000, 0x00000000d5580000)
  object space 212480K, 24% used [0x0000000080000000,0x0000000083385258,0x000000008cf80000)
 Metaspace       used 76247K, capacity 80226K, committed 80408K, reserved 1118208K
  class space    used 10197K, capacity 10935K, committed 11056K, reserved 1048576K
}
Event: 178.185 GC heap before
{Heap before GC invocations=17 (full 3):
 PSYoungGen      total 274432K, used 274402K [0x00000000d5580000, 0x00000000ea700000, 0x0000000100000000)
  eden space 250368K, 100% used [0x00000000d5580000,0x00000000e4a00000,0x00000000e4a00000)
  from space 24064K, 99% used [0x00000000e4a00000,0x00000000e6178910,0x00000000e6180000)
  to   space 28672K, 0% used [0x00000000e8b00000,0x00000000e8b00000,0x00000000ea700000)
 ParOldGen       total 212480K, used 52756K [0x0000000080000000, 0x000000008cf80000, 0x00000000d5580000)
  object space 212480K, 24% used [0x0000000080000000,0x0000000083385258,0x000000008cf80000)
 Metaspace       used 78627K, capacity 82842K, committed 83096K, reserved 1122304K
  class space    used 10426K, capacity 11171K, committed 11184K, reserved 1048576K
Event: 178.200 GC heap after
Heap after GC invocations=17 (full 3):
 PSYoungGen      total 306688K, used 13357K [0x00000000d5580000, 0x00000000ea080000, 0x0000000100000000)
  eden space 284672K, 0% used [0x00000000d5580000,0x00000000d5580000,0x00000000e6b80000)
  from space 22016K, 60% used [0x00000000e8b00000,0x00000000e980b630,0x00000000ea080000)
  to   space 27136K, 0% used [0x00000000e6b80000,0x00000000e6b80000,0x00000000e8600000)
 ParOldGen       total 212480K, used 73978K [0x0000000080000000, 0x000000008cf80000, 0x00000000d5580000)
  object space 212480K, 34% used [0x0000000080000000,0x000000008483ea50,0x000000008cf80000)
 Metaspace       used 78627K, capacity 82842K, committed 83096K, reserved 1122304K
  class space    used 10426K, capacity 11171K, committed 11184K, reserved 1048576K
}
Event: 220.787 GC heap before
{Heap before GC invocations=18 (full 3):
 PSYoungGen      total 306688K, used 298029K [0x00000000d5580000, 0x00000000ea080000, 0x0000000100000000)
  eden space 284672K, 100% used [0x00000000d5580000,0x00000000e6b80000,0x00000000e6b80000)
  from space 22016K, 60% used [0x00000000e8b00000,0x00000000e980b630,0x00000000ea080000)
  to   space 27136K, 0% used [0x00000000e6b80000,0x00000000e6b80000,0x00000000e8600000)
 ParOldGen       total 212480K, used 73978K [0x0000000080000000, 0x000000008cf80000, 0x00000000d5580000)
  object space 212480K, 34% used [0x0000000080000000,0x000000008483ea50,0x000000008cf80000)
 Metaspace       used 80418K, capacity 84802K, committed 84888K, reserved 1122304K
  class space    used 10642K, capacity 11421K, committed 11440K, reserved 1048576K
Event: 220.801 GC heap after
Heap after GC invocations=18 (full 3):
 PSYoungGen      total 311808K, used 27120K [0x00000000d5580000, 0x00000000ec600000, 0x0000000100000000)
  eden space 284672K, 0% used [0x00000000d5580000,0x00000000d5580000,0x00000000e6b80000)
  from space 27136K, 99% used [0x00000000e6b80000,0x00000000e85fc178,0x00000000e8600000)
  to   space 30720K, 0% used [0x00000000ea800000,0x00000000ea800000,0x00000000ec600000)
 ParOldGen       total 212480K, used 73986K [0x0000000080000000, 0x000000008cf80000, 0x00000000d5580000)
  object space 212480K, 34% used [0x0000000080000000,0x0000000084840a50,0x000000008cf80000)
 Metaspace       used 80418K, capacity 84802K, committed 84888K, reserved 1122304K
  class space    used 10642K, capacity 11421K, committed 11440K, reserved 1048576K
}
Event: 251.671 GC heap before
{Heap before GC invocations=19 (full 3):
 PSYoungGen      total 311808K, used 311792K [0x00000000d5580000, 0x00000000ec600000, 0x0000000100000000)
  eden space 284672K, 100% used [0x00000000d5580000,0x00000000e6b80000,0x00000000e6b80000)
  from space 27136K, 99% used [0x00000000e6b80000,0x00000000e85fc178,0x00000000e8600000)
  to   space 30720K, 0% used [0x00000000ea800000,0x00000000ea800000,0x00000000ec600000)
 ParOldGen       total 212480K, used 73986K [0x0000000080000000, 0x000000008cf80000, 0x00000000d5580000)
  object space 212480K, 34% used [0x0000000080000000,0x0000000084840a50,0x000000008cf80000)
 Metaspace       used 80876K, capacity 85432K, committed 85784K, reserved 1124352K
  class space    used 10663K, capacity 11458K, committed 11568K, reserved 1048576K
Event: 251.683 GC heap after
Heap after GC invocations=19 (full 3):
 PSYoungGen      total 334336K, used 19872K [0x00000000d5580000, 0x00000000ec000000, 0x0000000100000000)
  eden space 309760K, 0% used [0x00000000d5580000,0x00000000d5580000,0x00000000e8400000)
  from space 24576K, 80% used [0x00000000ea800000,0x00000000ebb680b0,0x00000000ec000000)
  to   space 30720K, 0% used [0x00000000e8400000,0x00000000e8400000,0x00000000ea200000)
 ParOldGen       total 212480K, used 73994K [0x0000000080000000, 0x000000008cf80000, 0x00000000d5580000)
  object space 212480K, 34% used [0x0000000080000000,0x0000000084842a50,0x000000008cf80000)
 Metaspace       used 80876K, capacity 85432K, committed 85784K, reserved 1124352K
  class space    used 10663K, capacity 11458K, committed 11568K, reserved 1048576K
}
Event: 321.476 GC heap before
{Heap before GC invocations=20 (full 3):
 PSYoungGen      total 334336K, used 329632K [0x00000000d5580000, 0x00000000ec000000, 0x0000000100000000)
  eden space 309760K, 100% used [0x00000000d5580000,0x00000000e8400000,0x00000000e8400000)
  from space 24576K, 80% used [0x00000000ea800000,0x00000000ebb680b0,0x00000000ec000000)
  to   space 30720K, 0% used [0x00000000e8400000,0x00000000e8400000,0x00000000ea200000)
 ParOldGen       total 212480K, used 73994K [0x0000000080000000, 0x000000008cf80000, 0x00000000d5580000)
  object space 212480K, 34% used [0x0000000080000000,0x0000000084842a50,0x000000008cf80000)
 Metaspace       used 81216K, capacity 85882K, committed 86040K, reserved 1124352K
  class space    used 10687K, capacity 11499K, committed 11568K, reserved 1048576K
Event: 321.493 GC heap after
Heap after GC invocations=20 (full 3):
 PSYoungGen      total 326656K, used 26373K [0x00000000d5580000, 0x00000000ebb80000, 0x0000000100000000)
  eden space 300032K, 0% used [0x00000000d5580000,0x00000000d5580000,0x00000000e7a80000)
  from space 26624K, 99% used [0x00000000e8400000,0x00000000e9dc16e0,0x00000000e9e00000)
  to   space 30208K, 0% used [0x00000000e9e00000,0x00000000e9e00000,0x00000000ebb80000)
 ParOldGen       total 212480K, used 74002K [0x0000000080000000, 0x000000008cf80000, 0x00000000d5580000)
  object space 212480K, 34% used [0x0000000080000000,0x0000000084844a50,0x000000008cf80000)
 Metaspace       used 81216K, capacity 85882K, committed 86040K, reserved 1124352K
  class space    used 10687K, capacity 11499K, committed 11568K, reserved 1048576K
}

